2022-03-02 20:23:23,603 DEBUG 32680  --- [DESKTOP-G5KRLUU] - [POST] -> [/cms/user/captcha] from: ::ffff:192.168.0.100 costs: 1ms data:{
    "param": {},
    "body": {}
}
2022-03-02 20:23:29,674 DEBUG 32680  --- [DESKTOP-G5KRLUU] - [POST] -> [/cms/user/login] from: ::ffff:192.168.0.100 costs: 72ms data:{
    "param": {},
    "body": {
        "captcha": "",
        "username": "root",
        "password": "123456"
    }
}
2022-03-02 20:23:29,711 DEBUG 32680  --- [DESKTOP-G5KRLUU] - [GET] -> [/cms/user/permissions] from: ::ffff:192.168.0.100 costs: 28ms data:{
    "param": {},
    "body": {}
}
2022-03-02 20:23:32,204 DEBUG 32680  --- [DESKTOP-G5KRLUU] - [GET] -> [/v1/task?order=&orderField=&page=0&count=10&type=1] from: ::ffff:192.168.0.100 costs: 6ms data:{
    "param": {
        "order": "",
        "orderField": "",
        "page": "0",
        "count": "10",
        "type": "1"
    },
    "body": {}
}
2022-03-02 20:23:37,280 DEBUG 32680  --- [DESKTOP-G5KRLUU] - [GET] -> [/v1/task] from: ::ffff:192.168.0.100 costs: 9ms data:{
    "param": {},
    "body": {}
}
2022-03-02 20:23:37,350 DEBUG 32680  --- [DESKTOP-G5KRLUU] - [GET] -> [/v1/crawler/task/log?order=&orderField=&page=0&count=10&type=1] from: ::ffff:192.168.0.100 costs: 86ms data:{
    "param": {
        "order": "",
        "orderField": "",
        "page": "0",
        "count": "10",
        "type": "1"
    },
    "body": {}
}
2022-03-02 20:23:41,821 DEBUG 32680  --- [DESKTOP-G5KRLUU] - [GET] -> [/v1/task] from: ::ffff:192.168.0.100 costs: 11ms data:{
    "param": {},
    "body": {}
}
2022-03-02 20:23:41,853 DEBUG 32680  --- [DESKTOP-G5KRLUU] - [GET] -> [/v1/crawler/task/data?order=&orderField=&page=0&count=10&type=1] from: ::ffff:192.168.0.100 costs: 41ms data:{
    "param": {
        "order": "",
        "orderField": "",
        "page": "0",
        "count": "10",
        "type": "1"
    },
    "body": {}
}
2022-03-02 20:23:43,499 DEBUG 32680  --- [DESKTOP-G5KRLUU] - [GET] -> [/v1/task] from: ::ffff:192.168.0.100 costs: 6ms data:{
    "param": {},
    "body": {}
}
2022-03-02 20:23:43,526 DEBUG 32680  --- [DESKTOP-G5KRLUU] - [GET] -> [/v1/crawler/run/log?order=&orderField=&page=0&count=10] from: ::ffff:192.168.0.100 costs: 37ms data:{
    "param": {
        "order": "",
        "orderField": "",
        "page": "0",
        "count": "10"
    },
    "body": {}
}
2022-03-02 20:23:44,707 DEBUG 32680  --- [DESKTOP-G5KRLUU] - [GET] -> [/v1/crawler/task/data?order=&orderField=&page=0&count=10&type=1] from: ::ffff:192.168.0.100 costs: 10ms data:{
    "param": {
        "order": "",
        "orderField": "",
        "page": "0",
        "count": "10",
        "type": "1"
    },
    "body": {}
}
2022-03-02 20:23:44,712 DEBUG 32680  --- [DESKTOP-G5KRLUU] - [GET] -> [/v1/task] from: ::ffff:192.168.0.100 costs: 11ms data:{
    "param": {},
    "body": {}
}
2022-03-02 20:23:45,570 DEBUG 32680  --- [DESKTOP-G5KRLUU] - [GET] -> [/v1/task] from: ::ffff:192.168.0.100 costs: 10ms data:{
    "param": {},
    "body": {}
}
2022-03-02 20:23:45,582 DEBUG 32680  --- [DESKTOP-G5KRLUU] - [GET] -> [/v1/crawler/task/log?order=&orderField=&page=0&count=10&type=1] from: ::ffff:192.168.0.100 costs: 9ms data:{
    "param": {
        "order": "",
        "orderField": "",
        "page": "0",
        "count": "10",
        "type": "1"
    },
    "body": {}
}
2022-03-02 20:23:46,687 DEBUG 32680  --- [DESKTOP-G5KRLUU] - [GET] -> [/v1/task?order=&orderField=&page=0&count=10&type=1] from: ::ffff:192.168.0.100 costs: 6ms data:{
    "param": {
        "order": "",
        "orderField": "",
        "page": "0",
        "count": "10",
        "type": "1"
    },
    "body": {}
}
2022-03-02 20:23:48,968 DEBUG 32680  --- [DESKTOP-G5KRLUU] - [GET] -> [/v1/crawler/task/log?order=&orderField=&page=0&count=10&type=1] from: ::ffff:192.168.0.100 costs: 9ms data:{
    "param": {
        "order": "",
        "orderField": "",
        "page": "0",
        "count": "10",
        "type": "1"
    },
    "body": {}
}
2022-03-02 20:23:48,974 DEBUG 32680  --- [DESKTOP-G5KRLUU] - [GET] -> [/v1/task] from: ::ffff:192.168.0.100 costs: 10ms data:{
    "param": {},
    "body": {}
}
2022-03-02 20:26:20,680 DEBUG 24388  --- [DESKTOP-G5KRLUU] - [GET] -> [/v1/task] from: ::ffff:192.168.0.100 costs: 1ms data:{
    "param": {},
    "body": {}
}
2022-03-02 20:26:20,686 DEBUG 24388  --- [DESKTOP-G5KRLUU] - [GET] -> [/v1/crawler/task/log?order=&orderField=&page=0&count=10&type=1] from: ::ffff:192.168.0.100 costs: 15ms data:{
    "param": {
        "order": "",
        "orderField": "",
        "page": "0",
        "count": "10",
        "type": "1"
    },
    "body": {}
}
2022-03-02 20:26:22,151 DEBUG 24388  --- [DESKTOP-G5KRLUU] - [GET] -> [/v1/task?order=&orderField=&page=0&count=10&type=1] from: ::ffff:192.168.0.100 costs: 0ms data:{
    "param": {
        "order": "",
        "orderField": "",
        "page": "0",
        "count": "10",
        "type": "1"
    },
    "body": {}
}
2022-03-02 20:26:23,582 DEBUG 24388  --- [DESKTOP-G5KRLUU] - [GET] -> [/v1/task] from: ::ffff:192.168.0.100 costs: 0ms data:{
    "param": {},
    "body": {}
}
2022-03-02 20:26:23,586 DEBUG 24388  --- [DESKTOP-G5KRLUU] - [GET] -> [/v1/crawler/task/log?order=&orderField=&page=0&count=10&type=1] from: ::ffff:192.168.0.100 costs: 6ms data:{
    "param": {
        "order": "",
        "orderField": "",
        "page": "0",
        "count": "10",
        "type": "1"
    },
    "body": {}
}
2022-03-02 20:26:24,340 DEBUG 24388  --- [DESKTOP-G5KRLUU] - [GET] -> [/v1/task] from: ::ffff:192.168.0.100 costs: 0ms data:{
    "param": {},
    "body": {}
}
2022-03-02 20:26:24,345 DEBUG 24388  --- [DESKTOP-G5KRLUU] - [GET] -> [/v1/crawler/task/data?order=&orderField=&page=0&count=10&type=1] from: ::ffff:192.168.0.100 costs: 0ms data:{
    "param": {
        "order": "",
        "orderField": "",
        "page": "0",
        "count": "10",
        "type": "1"
    },
    "body": {}
}
2022-03-02 20:26:27,015 DEBUG 24388  --- [DESKTOP-G5KRLUU] - [GET] -> [/v1/task] from: ::ffff:192.168.0.100 costs: 0ms data:{
    "param": {},
    "body": {}
}
2022-03-02 20:26:27,019 DEBUG 24388  --- [DESKTOP-G5KRLUU] - [GET] -> [/v1/crawler/task/log?order=&orderField=&page=0&count=10&type=1] from: ::ffff:192.168.0.100 costs: 7ms data:{
    "param": {
        "order": "",
        "orderField": "",
        "page": "0",
        "count": "10",
        "type": "1"
    },
    "body": {}
}
2022-03-02 20:26:28,038 DEBUG 24388  --- [DESKTOP-G5KRLUU] - [GET] -> [/v1/task?order=&orderField=&page=0&count=10&type=1] from: ::ffff:192.168.0.100 costs: 0ms data:{
    "param": {
        "order": "",
        "orderField": "",
        "page": "0",
        "count": "10",
        "type": "1"
    },
    "body": {}
}
2022-03-02 20:26:42,002 DEBUG 24388  --- [DESKTOP-G5KRLUU] - [GET] -> [/v1/task?order=&orderField=&page=0&count=10&type=1] from: ::ffff:192.168.0.100 costs: 0ms data:{
    "param": {
        "order": "",
        "orderField": "",
        "page": "0",
        "count": "10",
        "type": "1"
    },
    "body": {}
}
2022-03-02 20:28:46,277 DEBUG 24388  --- [DESKTOP-G5KRLUU] - [GET] -> [/v1/task] from: ::ffff:192.168.0.100 costs: 0ms data:{
    "param": {},
    "body": {}
}
2022-03-02 20:28:46,284 DEBUG 24388  --- [DESKTOP-G5KRLUU] - [GET] -> [/v1/crawler/task/log?order=&orderField=&page=0&count=10&type=1] from: ::ffff:192.168.0.100 costs: 10ms data:{
    "param": {
        "order": "",
        "orderField": "",
        "page": "0",
        "count": "10",
        "type": "1"
    },
    "body": {}
}
2022-03-02 20:29:00,525 DEBUG 24388  --- [DESKTOP-G5KRLUU] - [GET] -> [/v1/task] from: ::ffff:192.168.0.100 costs: 0ms data:{
    "param": {},
    "body": {}
}
2022-03-02 20:29:00,532 DEBUG 24388  --- [DESKTOP-G5KRLUU] - [GET] -> [/v1/crawler/task/log?order=&orderField=&page=0&count=10&type=1] from: ::ffff:192.168.0.100 costs: 10ms data:{
    "param": {
        "order": "",
        "orderField": "",
        "page": "0",
        "count": "10",
        "type": "1"
    },
    "body": {}
}
2022-03-02 20:50:22,682 DEBUG 31008  --- [DESKTOP-G5KRLUU] - [GET] -> [/v1/crawler/task/log?order=&orderField=&page=0&count=10&type=1] from: ::ffff:192.168.0.100 costs: 1ms data:{
    "param": {
        "order": "",
        "orderField": "",
        "page": "0",
        "count": "10",
        "type": "1"
    },
    "body": {}
}
2022-03-02 20:50:22,686 DEBUG 31008  --- [DESKTOP-G5KRLUU] - [GET] -> [/v1/task] from: ::ffff:192.168.0.100 costs: 1ms data:{
    "param": {},
    "body": {}
}
2022-03-02 20:52:04,883 DEBUG 31008  --- [DESKTOP-G5KRLUU] - [GET] -> [/v1/task] from: ::ffff:192.168.0.100 costs: 0ms data:{
    "param": {},
    "body": {}
}
2022-03-02 20:58:39,610 DEBUG 31008  --- [DESKTOP-G5KRLUU] - [GET] -> [/v1/sms/data?order=&orderField=&page=0&count=10&type=1] from: ::ffff:192.168.0.100 costs: 13ms data:{
    "param": {
        "order": "",
        "orderField": "",
        "page": "0",
        "count": "10",
        "type": "1"
    },
    "body": {}
}
2022-03-02 20:58:55,804 DEBUG 31008  --- [DESKTOP-G5KRLUU] - [GET] -> [/v1/sms/data?order=&orderField=&page=0&count=10&type=1] from: ::ffff:192.168.0.100 costs: 7ms data:{
    "param": {
        "order": "",
        "orderField": "",
        "page": "0",
        "count": "10",
        "type": "1"
    },
    "body": {}
}
2022-03-02 20:59:11,022 DEBUG 31008  --- [DESKTOP-G5KRLUU] - [GET] -> [/v1/sms/data?order=&orderField=&page=0&count=10&type=1] from: ::ffff:192.168.0.100 costs: 7ms data:{
    "param": {
        "order": "",
        "orderField": "",
        "page": "0",
        "count": "10",
        "type": "1"
    },
    "body": {}
}
2022-03-02 21:11:55,717 DEBUG 31008  --- [DESKTOP-G5KRLUU] - [GET] -> [/cms/admin/group/all] from: ::ffff:192.168.0.100 costs: 16ms data:{
    "param": {},
    "body": {}
}
2022-03-02 21:11:57,648 DEBUG 31008  --- [DESKTOP-G5KRLUU] - [GET] -> [/cms/admin/permission] from: ::ffff:192.168.0.100 costs: 10ms data:{
    "param": {},
    "body": {}
}
2022-03-02 21:11:58,390 DEBUG 31008  --- [DESKTOP-G5KRLUU] - [GET] -> [/v1/sms/data?order=&orderField=&page=0&count=10&type=1] from: ::ffff:192.168.0.100 costs: 7ms data:{
    "param": {
        "order": "",
        "orderField": "",
        "page": "0",
        "count": "10",
        "type": "1"
    },
    "body": {}
}
2022-03-02 21:12:02,182 DEBUG 31008  --- [DESKTOP-G5KRLUU] - [GET] -> [/v1/sms/data?order=&orderField=&page=0&count=10&type=1] from: ::ffff:192.168.0.100 costs: 4ms data:{
    "param": {
        "order": "",
        "orderField": "",
        "page": "0",
        "count": "10",
        "type": "1"
    },
    "body": {}
}
2022-03-02 21:14:39,777 DEBUG 31008  --- [DESKTOP-G5KRLUU] - [GET] -> [/v1/sms/data?order=&orderField=&page=0&count=10&type=1] from: ::ffff:192.168.0.100 costs: 8ms data:{
    "param": {
        "order": "",
        "orderField": "",
        "page": "0",
        "count": "10",
        "type": "1"
    },
    "body": {}
}
2022-03-02 21:14:49,339 DEBUG 31008  --- [DESKTOP-G5KRLUU] - [GET] -> [/v1/sms/data?order=&orderField=&page=0&count=10&type=1] from: ::ffff:192.168.0.100 costs: 4ms data:{
    "param": {
        "order": "",
        "orderField": "",
        "page": "0",
        "count": "10",
        "type": "1"
    },
    "body": {}
}
2022-03-02 21:15:15,879 DEBUG 31008  --- [DESKTOP-G5KRLUU] - [GET] -> [/v1/sms/data?order=&orderField=&page=0&count=10&type=1] from: ::ffff:192.168.0.100 costs: 6ms data:{
    "param": {
        "order": "",
        "orderField": "",
        "page": "0",
        "count": "10",
        "type": "1"
    },
    "body": {}
}
2022-03-02 21:21:37,206 DEBUG 31008  --- [DESKTOP-G5KRLUU] - [GET] -> [/v1/sms/data?order=&orderField=&page=0&count=10&type=1] from: ::ffff:192.168.0.100 costs: 7ms data:{
    "param": {
        "order": "",
        "orderField": "",
        "page": "0",
        "count": "10",
        "type": "1"
    },
    "body": {}
}
2022-03-02 21:22:47,835 DEBUG 31008  --- [DESKTOP-G5KRLUU] - [GET] -> [/v1/sms/data?order=&orderField=&page=0&count=10&type=1] from: ::ffff:192.168.0.100 costs: 7ms data:{
    "param": {
        "order": "",
        "orderField": "",
        "page": "0",
        "count": "10",
        "type": "1"
    },
    "body": {}
}
2022-03-02 21:23:34,919 DEBUG 31008  --- [DESKTOP-G5KRLUU] - [GET] -> [/v1/sms/data?order=&orderField=&page=0&count=10&type=1] from: ::ffff:192.168.0.100 costs: 6ms data:{
    "param": {
        "order": "",
        "orderField": "",
        "page": "0",
        "count": "10",
        "type": "1"
    },
    "body": {}
}
2022-03-02 21:24:01,319 DEBUG 31008  --- [DESKTOP-G5KRLUU] - [GET] -> [/v1/sms/data?order=&orderField=&page=0&count=10] from: ::ffff:192.168.0.100 costs: 6ms data:{
    "param": {
        "order": "",
        "orderField": "",
        "page": "0",
        "count": "10"
    },
    "body": {}
}
2022-03-02 21:24:15,102 DEBUG 31008  --- [DESKTOP-G5KRLUU] - [GET] -> [/v1/sms/data?order=&orderField=&page=0&count=10] from: ::ffff:192.168.0.100 costs: 6ms data:{
    "param": {
        "order": "",
        "orderField": "",
        "page": "0",
        "count": "10"
    },
    "body": {}
}
2022-03-02 21:24:15,940 DEBUG 31008  --- [DESKTOP-G5KRLUU] - [GET] -> [/v1/sms/data?order=&orderField=&page=0&count=10] from: ::ffff:192.168.0.100 costs: 3ms data:{
    "param": {
        "order": "",
        "orderField": "",
        "page": "0",
        "count": "10"
    },
    "body": {}
}
2022-03-02 21:24:16,716 DEBUG 31008  --- [DESKTOP-G5KRLUU] - [GET] -> [/v1/sms/data?order=&orderField=&page=0&count=10] from: ::ffff:192.168.0.100 costs: 3ms data:{
    "param": {
        "order": "",
        "orderField": "",
        "page": "0",
        "count": "10"
    },
    "body": {}
}
2022-03-02 21:24:17,237 DEBUG 31008  --- [DESKTOP-G5KRLUU] - [GET] -> [/v1/sms/data?order=&orderField=&page=0&count=10] from: ::ffff:192.168.0.100 costs: 3ms data:{
    "param": {
        "order": "",
        "orderField": "",
        "page": "0",
        "count": "10"
    },
    "body": {}
}
2022-03-02 21:24:17,501 DEBUG 31008  --- [DESKTOP-G5KRLUU] - [GET] -> [/v1/sms/data?order=&orderField=&page=0&count=10] from: ::ffff:192.168.0.100 costs: 3ms data:{
    "param": {
        "order": "",
        "orderField": "",
        "page": "0",
        "count": "10"
    },
    "body": {}
}
2022-03-02 21:24:21,218 DEBUG 31008  --- [DESKTOP-G5KRLUU] - [GET] -> [/v1/sms/data?order=&orderField=&page=0&count=10] from: ::ffff:192.168.0.100 costs: 3ms data:{
    "param": {
        "order": "",
        "orderField": "",
        "page": "0",
        "count": "10"
    },
    "body": {}
}
2022-03-02 21:24:21,741 DEBUG 31008  --- [DESKTOP-G5KRLUU] - [GET] -> [/v1/sms/data?order=&orderField=&page=0&count=10] from: ::ffff:192.168.0.100 costs: 3ms data:{
    "param": {
        "order": "",
        "orderField": "",
        "page": "0",
        "count": "10"
    },
    "body": {}
}
2022-03-02 21:24:22,572 DEBUG 31008  --- [DESKTOP-G5KRLUU] - [GET] -> [/v1/sms/data?order=&orderField=&page=0&count=10] from: ::ffff:192.168.0.100 costs: 3ms data:{
    "param": {
        "order": "",
        "orderField": "",
        "page": "0",
        "count": "10"
    },
    "body": {}
}
2022-03-02 21:27:45,224 DEBUG 31008  --- [DESKTOP-G5KRLUU] - [GET] -> [/v1/sms/data?order=&orderField=&page=0&count=10] from: ::ffff:192.168.0.100 costs: 7ms data:{
    "param": {
        "order": "",
        "orderField": "",
        "page": "0",
        "count": "10"
    },
    "body": {}
}
2022-03-02 21:27:45,420 DEBUG 31008  --- [DESKTOP-G5KRLUU] - [GET] -> [/v1/sms/data?order=&orderField=&page=0&count=10] from: ::ffff:192.168.0.100 costs: 4ms data:{
    "param": {
        "order": "",
        "orderField": "",
        "page": "0",
        "count": "10"
    },
    "body": {}
}
2022-03-02 21:27:45,854 DEBUG 31008  --- [DESKTOP-G5KRLUU] - [GET] -> [/v1/sms/data?order=&orderField=&page=0&count=10] from: ::ffff:192.168.0.100 costs: 5ms data:{
    "param": {
        "order": "",
        "orderField": "",
        "page": "0",
        "count": "10"
    },
    "body": {}
}
2022-03-02 21:27:46,069 DEBUG 31008  --- [DESKTOP-G5KRLUU] - [GET] -> [/v1/sms/data?order=&orderField=&page=0&count=10] from: ::ffff:192.168.0.100 costs: 4ms data:{
    "param": {
        "order": "",
        "orderField": "",
        "page": "0",
        "count": "10"
    },
    "body": {}
}
2022-03-02 21:27:46,261 DEBUG 31008  --- [DESKTOP-G5KRLUU] - [GET] -> [/v1/sms/data?order=&orderField=&page=0&count=10] from: ::ffff:192.168.0.100 costs: 4ms data:{
    "param": {
        "order": "",
        "orderField": "",
        "page": "0",
        "count": "10"
    },
    "body": {}
}
2022-03-02 21:27:46,461 DEBUG 31008  --- [DESKTOP-G5KRLUU] - [GET] -> [/v1/sms/data?order=&orderField=&page=0&count=10] from: ::ffff:192.168.0.100 costs: 3ms data:{
    "param": {
        "order": "",
        "orderField": "",
        "page": "0",
        "count": "10"
    },
    "body": {}
}
2022-03-02 21:28:02,292 DEBUG 31008  --- [DESKTOP-G5KRLUU] - [GET] -> [/v1/sms/data?order=&orderField=&page=0&count=10] from: ::ffff:192.168.0.100 costs: 8ms data:{
    "param": {
        "order": "",
        "orderField": "",
        "page": "0",
        "count": "10"
    },
    "body": {}
}
2022-03-02 21:28:02,868 DEBUG 31008  --- [DESKTOP-G5KRLUU] - [GET] -> [/v1/sms/data?order=&orderField=&page=0&count=10] from: ::ffff:192.168.0.100 costs: 4ms data:{
    "param": {
        "order": "",
        "orderField": "",
        "page": "0",
        "count": "10"
    },
    "body": {}
}
2022-03-02 22:28:03,917 DEBUG 31008  --- [DESKTOP-G5KRLUU] - [POST] -> [/cms/user/captcha] from: ::ffff:192.168.0.100 costs: 0ms data:{
    "param": {},
    "body": {}
}
