2022-02-14 14:27:08,901 DEBUG 20356  --- [DESKTOP-G5KRLUU] - [POST] -> [/cms/user/captcha] from: ::ffff:192.168.0.100 costs: 2ms data:{
    "param": {},
    "body": {}
}
2022-02-14 14:27:17,140 DEBUG 20356  --- [DESKTOP-G5KRLUU] - [POST] -> [/cms/user/login] from: ::ffff:192.168.0.100 costs: 16ms data:{
    "param": {},
    "body": {
        "captcha": "",
        "username": "root",
        "password": "123456"
    }
}
2022-02-14 14:27:17,162 DEBUG 20356  --- [DESKTOP-G5KRLUU] - [GET] -> [/cms/user/permissions] from: ::ffff:192.168.0.100 costs: 13ms data:{
    "param": {},
    "body": {}
}
2022-02-14 14:27:20,134 DEBUG 20356  --- [DESKTOP-G5KRLUU] - [GET] -> [/v1/task?order=&orderField=&page=0&count=10&type=1] from: ::ffff:192.168.0.100 costs: 7ms data:{
    "param": {
        "order": "",
        "orderField": "",
        "page": "0",
        "count": "10",
        "type": "1"
    },
    "body": {}
}
2022-02-14 14:27:30,707 DEBUG 20356  --- [DESKTOP-G5KRLUU] - [POST] -> [/v1/task/start/task] from: ::ffff:192.168.0.100 costs: 17ms data:{
    "param": {},
    "body": {
        "id": 3,
        "title": "Yesbank任务147户",
        "url": "https://yesonline.yesbank.co.in/index.html?module=login",
        "implement": "PuppeteerYesbank",
        "implementPre": null,
        "time": "0,30 * * * * *",
        "proxyType": 4,
        "proxyIp": null,
        "account": "PRIYAJAI",
        "pwd": "Fastpay888@",
        "status": 1,
        "summary": "需要额外配置memberId，accountId",
        "authData": "{}",
        "extra": "{\"memberId\":\"1486252900431376386\",\"accountId\":\"1486252900431376386\"}",
        "create_time": "2022-02-10 20:42:40"
    }
}
2022-02-14 14:27:30,845 DEBUG 20356  --- [DESKTOP-G5KRLUU] - [PUT] -> [/v1/task/3] from: ::ffff:192.168.0.100 costs: 125ms data:{
    "param": {},
    "body": {
        "id": 3,
        "title": "Yesbank任务147户",
        "url": "https://yesonline.yesbank.co.in/index.html?module=login",
        "implement": "PuppeteerYesbank",
        "implementPre": null,
        "time": "0,30 * * * * *",
        "proxyType": 4,
        "proxyIp": null,
        "account": "PRIYAJAI",
        "pwd": "Fastpay888@",
        "status": 2,
        "summary": "需要额外配置memberId，accountId",
        "authData": "{}",
        "extra": "{\"memberId\":\"1486252900431376386\",\"accountId\":\"1486252900431376386\"}",
        "create_time": "2022-02-10 20:42:40"
    }
}
2022-02-14 14:27:30,886 DEBUG 20356  --- [DESKTOP-G5KRLUU] - [GET] -> [/v1/task?order=&orderField=&page=0&count=10&type=1] from: ::ffff:192.168.0.100 costs: 6ms data:{
    "param": {
        "order": "",
        "orderField": "",
        "page": "0",
        "count": "10",
        "type": "1"
    },
    "body": {}
}
2022-02-14 14:28:49,299 DEBUG 20356  --- [DESKTOP-G5KRLUU] - [GET] -> [/v1/crawler/run/log?order=&orderField=&page=0&count=10] from: ::ffff:192.168.0.100 costs: 25ms data:{
    "param": {
        "order": "",
        "orderField": "",
        "page": "0",
        "count": "10"
    },
    "body": {}
}
2022-02-14 14:28:49,301 DEBUG 20356  --- [DESKTOP-G5KRLUU] - [GET] -> [/v1/task] from: ::ffff:192.168.0.100 costs: 19ms data:{
    "param": {},
    "body": {}
}
2022-02-14 14:28:50,368 DEBUG 20356  --- [DESKTOP-G5KRLUU] - [GET] -> [/v1/crawler/run/log/err/img] from: ::ffff:192.168.0.100 costs: 0ms data:{
    "param": {},
    "body": {}
}
2022-02-14 14:29:10,006 DEBUG 20356  --- [DESKTOP-G5KRLUU] - [GET] -> [/v1/crawler/run/log?order=&orderField=&page=0&count=10] from: ::ffff:192.168.0.100 costs: 13ms data:{
    "param": {
        "order": "",
        "orderField": "",
        "page": "0",
        "count": "10"
    },
    "body": {}
}
2022-02-14 14:29:14,142 DEBUG 20356  --- [DESKTOP-G5KRLUU] - [GET] -> [/v1/crawler/task/log?order=&orderField=&page=0&count=10&type=1] from: ::ffff:192.168.0.100 costs: 13ms data:{
    "param": {
        "order": "",
        "orderField": "",
        "page": "0",
        "count": "10",
        "type": "1"
    },
    "body": {}
}
2022-02-14 14:29:14,147 DEBUG 20356  --- [DESKTOP-G5KRLUU] - [GET] -> [/v1/task] from: ::ffff:192.168.0.100 costs: 14ms data:{
    "param": {},
    "body": {}
}
2022-02-14 14:29:15,926 DEBUG 20356  --- [DESKTOP-G5KRLUU] - [GET] -> [/v1/crawler/task/log/4299] from: ::ffff:192.168.0.100 costs: 6ms data:{
    "param": {},
    "body": {}
}
2022-02-14 14:30:06,676 DEBUG 20356  --- [DESKTOP-G5KRLUU] - [GET] -> [/v1/task?order=&orderField=&page=0&count=10&type=1] from: ::ffff:192.168.0.100 costs: 14ms data:{
    "param": {
        "order": "",
        "orderField": "",
        "page": "0",
        "count": "10",
        "type": "1"
    },
    "body": {}
}
2022-02-14 14:30:07,816 DEBUG 20356  --- [DESKTOP-G5KRLUU] - [POST] -> [/v1/task/stop/task] from: ::ffff:192.168.0.100 costs: 2ms data:{
    "param": {},
    "body": {
        "id": 3,
        "title": "Yesbank任务147户",
        "url": "https://yesonline.yesbank.co.in/index.html?module=login",
        "implement": "PuppeteerYesbank",
        "implementPre": null,
        "time": "0,30 * * * * *",
        "proxyType": 4,
        "proxyIp": null,
        "account": "PRIYAJAI",
        "pwd": "Fastpay888@",
        "status": 2,
        "summary": "需要额外配置memberId，accountId",
        "authData": "{}",
        "extra": "{\"memberId\":\"1486252900431376386\",\"accountId\":\"1486252900431376386\"}",
        "create_time": "2022-02-10 20:42:40"
    }
}
2022-02-14 14:30:08,174 DEBUG 20356  --- [DESKTOP-G5KRLUU] - [PUT] -> [/v1/task/3] from: ::ffff:192.168.0.100 costs: 252ms data:{
    "param": {},
    "body": {
        "id": 3,
        "title": "Yesbank任务147户",
        "url": "https://yesonline.yesbank.co.in/index.html?module=login",
        "implement": "PuppeteerYesbank",
        "implementPre": null,
        "time": "0,30 * * * * *",
        "proxyType": 4,
        "proxyIp": null,
        "account": "PRIYAJAI",
        "pwd": "Fastpay888@",
        "status": 1,
        "summary": "需要额外配置memberId，accountId",
        "authData": "{}",
        "extra": "{\"memberId\":\"1486252900431376386\",\"accountId\":\"1486252900431376386\"}",
        "create_time": "2022-02-10 20:42:40"
    }
}
2022-02-14 14:30:08,211 DEBUG 20356  --- [DESKTOP-G5KRLUU] - [GET] -> [/v1/task?order=&orderField=&page=0&count=10&type=1] from: ::ffff:192.168.0.100 costs: 6ms data:{
    "param": {
        "order": "",
        "orderField": "",
        "page": "0",
        "count": "10",
        "type": "1"
    },
    "body": {}
}
2022-02-14 14:48:06,532 DEBUG 31388  --- [DESKTOP-G5KRLUU] - [GET] -> [/v1/task?order=&orderField=&page=0&count=10&type=1] from: ::ffff:192.168.0.100 costs: 16ms data:{
    "param": {
        "order": "",
        "orderField": "",
        "page": "0",
        "count": "10",
        "type": "1"
    },
    "body": {}
}
2022-02-14 14:48:08,605 DEBUG 31388  --- [DESKTOP-G5KRLUU] - [POST] -> [/v1/task/start/task] from: ::ffff:192.168.0.100 costs: 12ms data:{
    "param": {},
    "body": {
        "id": 3,
        "title": "Yesbank任务147户",
        "url": "https://yesonline.yesbank.co.in/index.html?module=login",
        "implement": "PuppeteerYesbank",
        "implementPre": null,
        "time": "0,30 * * * * *",
        "proxyType": 4,
        "proxyIp": null,
        "account": "PRIYAJAI",
        "pwd": "Fastpay888@",
        "status": 1,
        "summary": "需要额外配置memberId，accountId",
        "authData": "{}",
        "extra": "{\"memberId\":\"1486252900431376386\",\"accountId\":\"1486252900431376386\"}",
        "create_time": "2022-02-10 20:42:40"
    }
}
2022-02-14 14:48:08,756 DEBUG 31388  --- [DESKTOP-G5KRLUU] - [PUT] -> [/v1/task/3] from: ::ffff:192.168.0.100 costs: 139ms data:{
    "param": {},
    "body": {
        "id": 3,
        "title": "Yesbank任务147户",
        "url": "https://yesonline.yesbank.co.in/index.html?module=login",
        "implement": "PuppeteerYesbank",
        "implementPre": null,
        "time": "0,30 * * * * *",
        "proxyType": 4,
        "proxyIp": null,
        "account": "PRIYAJAI",
        "pwd": "Fastpay888@",
        "status": 2,
        "summary": "需要额外配置memberId，accountId",
        "authData": "{}",
        "extra": "{\"memberId\":\"1486252900431376386\",\"accountId\":\"1486252900431376386\"}",
        "create_time": "2022-02-10 20:42:40"
    }
}
2022-02-14 14:48:08,794 DEBUG 31388  --- [DESKTOP-G5KRLUU] - [GET] -> [/v1/task?order=&orderField=&page=0&count=10&type=1] from: ::ffff:192.168.0.100 costs: 6ms data:{
    "param": {
        "order": "",
        "orderField": "",
        "page": "0",
        "count": "10",
        "type": "1"
    },
    "body": {}
}
2022-02-14 14:48:42,983 DEBUG 31388  --- [DESKTOP-G5KRLUU] - [GET] -> [/v1/crawler/run/log?order=&orderField=&page=0&count=10] from: ::ffff:192.168.0.100 costs: 23ms data:{
    "param": {
        "order": "",
        "orderField": "",
        "page": "0",
        "count": "10"
    },
    "body": {}
}
2022-02-14 14:48:42,988 DEBUG 31388  --- [DESKTOP-G5KRLUU] - [GET] -> [/v1/task] from: ::ffff:192.168.0.100 costs: 20ms data:{
    "param": {},
    "body": {}
}
2022-02-14 14:48:46,153 DEBUG 31388  --- [DESKTOP-G5KRLUU] - [GET] -> [/v1/crawler/task/log?order=&orderField=&page=0&count=10&type=1] from: ::ffff:192.168.0.100 costs: 9ms data:{
    "param": {
        "order": "",
        "orderField": "",
        "page": "0",
        "count": "10",
        "type": "1"
    },
    "body": {}
}
2022-02-14 14:48:46,155 DEBUG 31388  --- [DESKTOP-G5KRLUU] - [GET] -> [/v1/task] from: ::ffff:192.168.0.100 costs: 14ms data:{
    "param": {},
    "body": {}
}
2022-02-14 14:48:51,257 DEBUG 31388  --- [DESKTOP-G5KRLUU] - [GET] -> [/v1/crawler/task/log/4301] from: ::ffff:192.168.0.100 costs: 5ms data:{
    "param": {},
    "body": {}
}
2022-02-14 14:50:55,402 DEBUG 31388  --- [DESKTOP-G5KRLUU] - [GET] -> [/v1/crawler/task/log?order=&orderField=&page=0&count=10&type=1] from: ::ffff:192.168.0.100 costs: 10ms data:{
    "param": {
        "order": "",
        "orderField": "",
        "page": "0",
        "count": "10",
        "type": "1"
    },
    "body": {}
}
2022-02-14 14:50:56,660 DEBUG 31388  --- [DESKTOP-G5KRLUU] - [GET] -> [/v1/crawler/task/log/4301] from: ::ffff:192.168.0.100 costs: 3ms data:{
    "param": {},
    "body": {}
}
2022-02-14 14:51:01,898 DEBUG 31388  --- [DESKTOP-G5KRLUU] - [GET] -> [/v1/crawler/run/log?order=&orderField=&page=0&count=10] from: ::ffff:192.168.0.100 costs: 9ms data:{
    "param": {
        "order": "",
        "orderField": "",
        "page": "0",
        "count": "10"
    },
    "body": {}
}
2022-02-14 14:51:01,904 DEBUG 31388  --- [DESKTOP-G5KRLUU] - [GET] -> [/v1/task] from: ::ffff:192.168.0.100 costs: 13ms data:{
    "param": {},
    "body": {}
}
2022-02-14 14:51:03,531 DEBUG 31388  --- [DESKTOP-G5KRLUU] - [GET] -> [/v1/crawler/task/data?order=&orderField=&page=0&count=10&type=1] from: ::ffff:192.168.0.100 costs: 10ms data:{
    "param": {
        "order": "",
        "orderField": "",
        "page": "0",
        "count": "10",
        "type": "1"
    },
    "body": {}
}
2022-02-14 14:51:03,533 DEBUG 31388  --- [DESKTOP-G5KRLUU] - [GET] -> [/v1/task] from: ::ffff:192.168.0.100 costs: 16ms data:{
    "param": {},
    "body": {}
}
2022-02-14 14:51:05,066 DEBUG 31388  --- [DESKTOP-G5KRLUU] - [GET] -> [/v1/task] from: ::ffff:192.168.0.100 costs: 12ms data:{
    "param": {},
    "body": {}
}
2022-02-14 14:51:05,070 DEBUG 31388  --- [DESKTOP-G5KRLUU] - [GET] -> [/v1/crawler/task/log?order=&orderField=&page=0&count=10&type=1] from: ::ffff:192.168.0.100 costs: 9ms data:{
    "param": {
        "order": "",
        "orderField": "",
        "page": "0",
        "count": "10",
        "type": "1"
    },
    "body": {}
}
2022-02-14 14:51:06,466 DEBUG 31388  --- [DESKTOP-G5KRLUU] - [GET] -> [/v1/crawler/task/log/4301] from: ::ffff:192.168.0.100 costs: 5ms data:{
    "param": {},
    "body": {}
}
2022-02-14 14:51:15,222 DEBUG 31388  --- [DESKTOP-G5KRLUU] - [GET] -> [/v1/task?order=&orderField=&page=0&count=10&type=1] from: ::ffff:192.168.0.100 costs: 10ms data:{
    "param": {
        "order": "",
        "orderField": "",
        "page": "0",
        "count": "10",
        "type": "1"
    },
    "body": {}
}
2022-02-14 14:51:16,598 DEBUG 31388  --- [DESKTOP-G5KRLUU] - [POST] -> [/v1/task/stop/task] from: ::ffff:192.168.0.100 costs: 2ms data:{
    "param": {},
    "body": {
        "id": 3,
        "title": "Yesbank任务147户",
        "url": "https://yesonline.yesbank.co.in/index.html?module=login",
        "implement": "PuppeteerYesbank",
        "implementPre": null,
        "time": "0,30 * * * * *",
        "proxyType": 4,
        "proxyIp": null,
        "account": "PRIYAJAI",
        "pwd": "Fastpay888@",
        "status": 2,
        "summary": "需要额外配置memberId，accountId",
        "authData": "{}",
        "extra": "{\"memberId\":\"1486252900431376386\",\"accountId\":\"1486252900431376386\"}",
        "create_time": "2022-02-10 20:42:40"
    }
}
2022-02-14 14:51:16,831 DEBUG 31388  --- [DESKTOP-G5KRLUU] - [PUT] -> [/v1/task/3] from: ::ffff:192.168.0.100 costs: 58ms data:{
    "param": {},
    "body": {
        "id": 3,
        "title": "Yesbank任务147户",
        "url": "https://yesonline.yesbank.co.in/index.html?module=login",
        "implement": "PuppeteerYesbank",
        "implementPre": null,
        "time": "0,30 * * * * *",
        "proxyType": 4,
        "proxyIp": null,
        "account": "PRIYAJAI",
        "pwd": "Fastpay888@",
        "status": 1,
        "summary": "需要额外配置memberId，accountId",
        "authData": "{}",
        "extra": "{\"memberId\":\"1486252900431376386\",\"accountId\":\"1486252900431376386\"}",
        "create_time": "2022-02-10 20:42:40"
    }
}
2022-02-14 14:51:16,865 DEBUG 31388  --- [DESKTOP-G5KRLUU] - [GET] -> [/v1/task?order=&orderField=&page=0&count=10&type=1] from: ::ffff:192.168.0.100 costs: 5ms data:{
    "param": {
        "order": "",
        "orderField": "",
        "page": "0",
        "count": "10",
        "type": "1"
    },
    "body": {}
}
2022-02-14 14:55:35,534 DEBUG 31728  --- [DESKTOP-G5KRLUU] - [GET] -> [/v1/crawler/task/log?order=&orderField=&page=0&count=10&type=1] from: ::ffff:192.168.0.100 costs: 27ms data:{
    "param": {
        "order": "",
        "orderField": "",
        "page": "0",
        "count": "10",
        "type": "1"
    },
    "body": {}
}
2022-02-14 14:55:35,551 DEBUG 31728  --- [DESKTOP-G5KRLUU] - [GET] -> [/v1/task] from: ::ffff:192.168.0.100 costs: 19ms data:{
    "param": {},
    "body": {}
}
2022-02-14 14:55:37,447 DEBUG 31728  --- [DESKTOP-G5KRLUU] - [GET] -> [/v1/crawler/task/log/4301] from: ::ffff:192.168.0.100 costs: 4ms data:{
    "param": {},
    "body": {}
}
2022-02-14 14:55:40,971 DEBUG 31728  --- [DESKTOP-G5KRLUU] - [GET] -> [/v1/task?order=&orderField=&page=0&count=10&type=1] from: ::ffff:192.168.0.100 costs: 7ms data:{
    "param": {
        "order": "",
        "orderField": "",
        "page": "0",
        "count": "10",
        "type": "1"
    },
    "body": {}
}
2022-02-14 14:55:42,258 DEBUG 31728  --- [DESKTOP-G5KRLUU] - [POST] -> [/v1/task/start/task] from: ::ffff:192.168.0.100 costs: 10ms data:{
    "param": {},
    "body": {
        "id": 3,
        "title": "Yesbank任务147户",
        "url": "https://yesonline.yesbank.co.in/index.html?module=login",
        "implement": "PuppeteerYesbank",
        "implementPre": null,
        "time": "0,30 * * * * *",
        "proxyType": 4,
        "proxyIp": null,
        "account": "PRIYAJAI",
        "pwd": "Fastpay888@",
        "status": 1,
        "summary": "需要额外配置memberId，accountId",
        "authData": "{}",
        "extra": "{\"memberId\":\"1486252900431376386\",\"accountId\":\"1486252900431376386\"}",
        "create_time": "2022-02-10 20:42:40"
    }
}
2022-02-14 14:55:42,401 DEBUG 31728  --- [DESKTOP-G5KRLUU] - [PUT] -> [/v1/task/3] from: ::ffff:192.168.0.100 costs: 131ms data:{
    "param": {},
    "body": {
        "id": 3,
        "title": "Yesbank任务147户",
        "url": "https://yesonline.yesbank.co.in/index.html?module=login",
        "implement": "PuppeteerYesbank",
        "implementPre": null,
        "time": "0,30 * * * * *",
        "proxyType": 4,
        "proxyIp": null,
        "account": "PRIYAJAI",
        "pwd": "Fastpay888@",
        "status": 2,
        "summary": "需要额外配置memberId，accountId",
        "authData": "{}",
        "extra": "{\"memberId\":\"1486252900431376386\",\"accountId\":\"1486252900431376386\"}",
        "create_time": "2022-02-10 20:42:40"
    }
}
2022-02-14 14:55:42,444 DEBUG 31728  --- [DESKTOP-G5KRLUU] - [GET] -> [/v1/task?order=&orderField=&page=0&count=10&type=1] from: ::ffff:192.168.0.100 costs: 6ms data:{
    "param": {
        "order": "",
        "orderField": "",
        "page": "0",
        "count": "10",
        "type": "1"
    },
    "body": {}
}
2022-02-14 14:56:24,980 DEBUG 31728  --- [DESKTOP-G5KRLUU] - [GET] -> [/v1/crawler/task/log?order=&orderField=&page=0&count=10&type=1] from: ::ffff:192.168.0.100 costs: 17ms data:{
    "param": {
        "order": "",
        "orderField": "",
        "page": "0",
        "count": "10",
        "type": "1"
    },
    "body": {}
}
2022-02-14 14:56:24,982 DEBUG 31728  --- [DESKTOP-G5KRLUU] - [GET] -> [/v1/task] from: ::ffff:192.168.0.100 costs: 22ms data:{
    "param": {},
    "body": {}
}
2022-02-14 14:56:26,291 DEBUG 31728  --- [DESKTOP-G5KRLUU] - [GET] -> [/v1/crawler/task/log/4302] from: ::ffff:192.168.0.100 costs: 4ms data:{
    "param": {},
    "body": {}
}
2022-02-14 14:56:51,739 DEBUG 31728  --- [DESKTOP-G5KRLUU] - [GET] -> [/v1/task?order=&orderField=&page=0&count=10&type=1] from: ::ffff:192.168.0.100 costs: 13ms data:{
    "param": {
        "order": "",
        "orderField": "",
        "page": "0",
        "count": "10",
        "type": "1"
    },
    "body": {}
}
2022-02-14 14:56:52,935 DEBUG 31728  --- [DESKTOP-G5KRLUU] - [GET] -> [/v1/crawler/task/log?order=&orderField=&page=0&count=10&type=1] from: ::ffff:192.168.0.100 costs: 11ms data:{
    "param": {
        "order": "",
        "orderField": "",
        "page": "0",
        "count": "10",
        "type": "1"
    },
    "body": {}
}
2022-02-14 14:56:52,942 DEBUG 31728  --- [DESKTOP-G5KRLUU] - [GET] -> [/v1/task] from: ::ffff:192.168.0.100 costs: 15ms data:{
    "param": {},
    "body": {}
}
2022-02-14 14:56:55,441 DEBUG 31728  --- [DESKTOP-G5KRLUU] - [GET] -> [/v1/crawler/task/log/4303] from: ::ffff:192.168.0.100 costs: 4ms data:{
    "param": {},
    "body": {}
}
2022-02-14 14:57:13,557 DEBUG 31728  --- [DESKTOP-G5KRLUU] - [GET] -> [/v1/task?order=&orderField=&page=0&count=10&type=1] from: ::ffff:192.168.0.100 costs: 11ms data:{
    "param": {
        "order": "",
        "orderField": "",
        "page": "0",
        "count": "10",
        "type": "1"
    },
    "body": {}
}
2022-02-14 14:57:14,673 DEBUG 31728  --- [DESKTOP-G5KRLUU] - [POST] -> [/v1/task/stop/task] from: ::ffff:192.168.0.100 costs: 74ms data:{
    "param": {},
    "body": {
        "id": 3,
        "title": "Yesbank任务147户",
        "url": "https://yesonline.yesbank.co.in/index.html?module=login",
        "implement": "PuppeteerYesbank",
        "implementPre": null,
        "time": "0,30 * * * * *",
        "proxyType": 4,
        "proxyIp": null,
        "account": "PRIYAJAI",
        "pwd": "Fastpay888@",
        "status": 2,
        "summary": "需要额外配置memberId，accountId",
        "authData": "{}",
        "extra": "{\"memberId\":\"1486252900431376386\",\"accountId\":\"1486252900431376386\"}",
        "create_time": "2022-02-10 20:42:40"
    }
}
2022-02-14 14:57:14,876 DEBUG 31728  --- [DESKTOP-G5KRLUU] - [PUT] -> [/v1/task/3] from: ::ffff:192.168.0.100 costs: 191ms data:{
    "param": {},
    "body": {
        "id": 3,
        "title": "Yesbank任务147户",
        "url": "https://yesonline.yesbank.co.in/index.html?module=login",
        "implement": "PuppeteerYesbank",
        "implementPre": null,
        "time": "0,30 * * * * *",
        "proxyType": 4,
        "proxyIp": null,
        "account": "PRIYAJAI",
        "pwd": "Fastpay888@",
        "status": 1,
        "summary": "需要额外配置memberId，accountId",
        "authData": "{}",
        "extra": "{\"memberId\":\"1486252900431376386\",\"accountId\":\"1486252900431376386\"}",
        "create_time": "2022-02-10 20:42:40"
    }
}
2022-02-14 14:57:14,915 DEBUG 31728  --- [DESKTOP-G5KRLUU] - [GET] -> [/v1/task?order=&orderField=&page=0&count=10&type=1] from: ::ffff:192.168.0.100 costs: 7ms data:{
    "param": {
        "order": "",
        "orderField": "",
        "page": "0",
        "count": "10",
        "type": "1"
    },
    "body": {}
}
2022-02-14 14:58:03,005 DEBUG 32376  --- [DESKTOP-G5KRLUU] - [POST] -> [/v1/task/start/task] from: ::ffff:192.168.0.100 costs: 16ms data:{
    "param": {},
    "body": {
        "id": 3,
        "title": "Yesbank任务147户",
        "url": "https://yesonline.yesbank.co.in/index.html?module=login",
        "implement": "PuppeteerYesbank",
        "implementPre": null,
        "time": "0,30 * * * * *",
        "proxyType": 4,
        "proxyIp": null,
        "account": "PRIYAJAI",
        "pwd": "Fastpay888@",
        "status": 1,
        "summary": "需要额外配置memberId，accountId",
        "authData": "{}",
        "extra": "{\"memberId\":\"1486252900431376386\",\"accountId\":\"1486252900431376386\"}",
        "create_time": "2022-02-10 20:42:40"
    }
}
2022-02-14 14:58:03,152 DEBUG 32376  --- [DESKTOP-G5KRLUU] - [PUT] -> [/v1/task/3] from: ::ffff:192.168.0.100 costs: 134ms data:{
    "param": {},
    "body": {
        "id": 3,
        "title": "Yesbank任务147户",
        "url": "https://yesonline.yesbank.co.in/index.html?module=login",
        "implement": "PuppeteerYesbank",
        "implementPre": null,
        "time": "0,30 * * * * *",
        "proxyType": 4,
        "proxyIp": null,
        "account": "PRIYAJAI",
        "pwd": "Fastpay888@",
        "status": 2,
        "summary": "需要额外配置memberId，accountId",
        "authData": "{}",
        "extra": "{\"memberId\":\"1486252900431376386\",\"accountId\":\"1486252900431376386\"}",
        "create_time": "2022-02-10 20:42:40"
    }
}
2022-02-14 14:58:03,202 DEBUG 32376  --- [DESKTOP-G5KRLUU] - [GET] -> [/v1/task?order=&orderField=&page=0&count=10&type=1] from: ::ffff:192.168.0.100 costs: 7ms data:{
    "param": {
        "order": "",
        "orderField": "",
        "page": "0",
        "count": "10",
        "type": "1"
    },
    "body": {}
}
2022-02-14 14:58:46,374 DEBUG 32376  --- [DESKTOP-G5KRLUU] - [POST] -> [/v1/task/stop/task] from: ::ffff:192.168.0.100 costs: 38ms data:{
    "param": {},
    "body": {
        "id": 3,
        "title": "Yesbank任务147户",
        "url": "https://yesonline.yesbank.co.in/index.html?module=login",
        "implement": "PuppeteerYesbank",
        "implementPre": null,
        "time": "0,30 * * * * *",
        "proxyType": 4,
        "proxyIp": null,
        "account": "PRIYAJAI",
        "pwd": "Fastpay888@",
        "status": 2,
        "summary": "需要额外配置memberId，accountId",
        "authData": "{}",
        "extra": "{\"memberId\":\"1486252900431376386\",\"accountId\":\"1486252900431376386\"}",
        "create_time": "2022-02-10 20:42:40"
    }
}
2022-02-14 14:58:46,637 DEBUG 32376  --- [DESKTOP-G5KRLUU] - [PUT] -> [/v1/task/3] from: ::ffff:192.168.0.100 costs: 253ms data:{
    "param": {},
    "body": {
        "id": 3,
        "title": "Yesbank任务147户",
        "url": "https://yesonline.yesbank.co.in/index.html?module=login",
        "implement": "PuppeteerYesbank",
        "implementPre": null,
        "time": "0,30 * * * * *",
        "proxyType": 4,
        "proxyIp": null,
        "account": "PRIYAJAI",
        "pwd": "Fastpay888@",
        "status": 1,
        "summary": "需要额外配置memberId，accountId",
        "authData": "{}",
        "extra": "{\"memberId\":\"1486252900431376386\",\"accountId\":\"1486252900431376386\"}",
        "create_time": "2022-02-10 20:42:40"
    }
}
2022-02-14 14:58:46,680 DEBUG 32376  --- [DESKTOP-G5KRLUU] - [GET] -> [/v1/task?order=&orderField=&page=0&count=10&type=1] from: ::ffff:192.168.0.100 costs: 9ms data:{
    "param": {
        "order": "",
        "orderField": "",
        "page": "0",
        "count": "10",
        "type": "1"
    },
    "body": {}
}
2022-02-14 14:59:09,922 DEBUG 26808  --- [DESKTOP-G5KRLUU] - [POST] -> [/v1/task/start/task] from: ::ffff:192.168.0.100 costs: 16ms data:{
    "param": {},
    "body": {
        "id": 3,
        "title": "Yesbank任务147户",
        "url": "https://yesonline.yesbank.co.in/index.html?module=login",
        "implement": "PuppeteerYesbank",
        "implementPre": null,
        "time": "0,30 * * * * *",
        "proxyType": 4,
        "proxyIp": null,
        "account": "PRIYAJAI",
        "pwd": "Fastpay888@",
        "status": 1,
        "summary": "需要额外配置memberId，accountId",
        "authData": "{}",
        "extra": "{\"memberId\":\"1486252900431376386\",\"accountId\":\"1486252900431376386\"}",
        "create_time": "2022-02-10 20:42:40"
    }
}
2022-02-14 14:59:10,037 DEBUG 26808  --- [DESKTOP-G5KRLUU] - [PUT] -> [/v1/task/3] from: ::ffff:192.168.0.100 costs: 102ms data:{
    "param": {},
    "body": {
        "id": 3,
        "title": "Yesbank任务147户",
        "url": "https://yesonline.yesbank.co.in/index.html?module=login",
        "implement": "PuppeteerYesbank",
        "implementPre": null,
        "time": "0,30 * * * * *",
        "proxyType": 4,
        "proxyIp": null,
        "account": "PRIYAJAI",
        "pwd": "Fastpay888@",
        "status": 2,
        "summary": "需要额外配置memberId，accountId",
        "authData": "{}",
        "extra": "{\"memberId\":\"1486252900431376386\",\"accountId\":\"1486252900431376386\"}",
        "create_time": "2022-02-10 20:42:40"
    }
}
2022-02-14 14:59:10,075 DEBUG 26808  --- [DESKTOP-G5KRLUU] - [GET] -> [/v1/task?order=&orderField=&page=0&count=10&type=1] from: ::ffff:192.168.0.100 costs: 6ms data:{
    "param": {
        "order": "",
        "orderField": "",
        "page": "0",
        "count": "10",
        "type": "1"
    },
    "body": {}
}
2022-02-14 14:59:38,518 DEBUG 26808  --- [DESKTOP-G5KRLUU] - [POST] -> [/v1/task/stop/task] from: ::ffff:192.168.0.100 costs: 39ms data:{
    "param": {},
    "body": {
        "id": 3,
        "title": "Yesbank任务147户",
        "url": "https://yesonline.yesbank.co.in/index.html?module=login",
        "implement": "PuppeteerYesbank",
        "implementPre": null,
        "time": "0,30 * * * * *",
        "proxyType": 4,
        "proxyIp": null,
        "account": "PRIYAJAI",
        "pwd": "Fastpay888@",
        "status": 2,
        "summary": "需要额外配置memberId，accountId",
        "authData": "{}",
        "extra": "{\"memberId\":\"1486252900431376386\",\"accountId\":\"1486252900431376386\"}",
        "create_time": "2022-02-10 20:42:40"
    }
}
2022-02-14 14:59:38,744 DEBUG 26808  --- [DESKTOP-G5KRLUU] - [PUT] -> [/v1/task/3] from: ::ffff:192.168.0.100 costs: 191ms data:{
    "param": {},
    "body": {
        "id": 3,
        "title": "Yesbank任务147户",
        "url": "https://yesonline.yesbank.co.in/index.html?module=login",
        "implement": "PuppeteerYesbank",
        "implementPre": null,
        "time": "0,30 * * * * *",
        "proxyType": 4,
        "proxyIp": null,
        "account": "PRIYAJAI",
        "pwd": "Fastpay888@",
        "status": 1,
        "summary": "需要额外配置memberId，accountId",
        "authData": "{}",
        "extra": "{\"memberId\":\"1486252900431376386\",\"accountId\":\"1486252900431376386\"}",
        "create_time": "2022-02-10 20:42:40"
    }
}
2022-02-14 14:59:38,782 DEBUG 26808  --- [DESKTOP-G5KRLUU] - [GET] -> [/v1/task?order=&orderField=&page=0&count=10&type=1] from: ::ffff:192.168.0.100 costs: 6ms data:{
    "param": {
        "order": "",
        "orderField": "",
        "page": "0",
        "count": "10",
        "type": "1"
    },
    "body": {}
}
2022-02-14 15:00:43,926 DEBUG 29256  --- [DESKTOP-G5KRLUU] - [POST] -> [/v1/task/start/task] from: ::ffff:192.168.0.100 costs: 15ms data:{
    "param": {},
    "body": {
        "id": 3,
        "title": "Yesbank任务147户",
        "url": "https://yesonline.yesbank.co.in/index.html?module=login",
        "implement": "PuppeteerYesbank",
        "implementPre": null,
        "time": "0,30 * * * * *",
        "proxyType": 4,
        "proxyIp": null,
        "account": "PRIYAJAI",
        "pwd": "Fastpay888@",
        "status": 1,
        "summary": "需要额外配置memberId，accountId",
        "authData": "{}",
        "extra": "{\"memberId\":\"1486252900431376386\",\"accountId\":\"1486252900431376386\"}",
        "create_time": "2022-02-10 20:42:40"
    }
}
2022-02-14 15:00:44,076 DEBUG 29256  --- [DESKTOP-G5KRLUU] - [PUT] -> [/v1/task/3] from: ::ffff:192.168.0.100 costs: 138ms data:{
    "param": {},
    "body": {
        "id": 3,
        "title": "Yesbank任务147户",
        "url": "https://yesonline.yesbank.co.in/index.html?module=login",
        "implement": "PuppeteerYesbank",
        "implementPre": null,
        "time": "0,30 * * * * *",
        "proxyType": 4,
        "proxyIp": null,
        "account": "PRIYAJAI",
        "pwd": "Fastpay888@",
        "status": 2,
        "summary": "需要额外配置memberId，accountId",
        "authData": "{}",
        "extra": "{\"memberId\":\"1486252900431376386\",\"accountId\":\"1486252900431376386\"}",
        "create_time": "2022-02-10 20:42:40"
    }
}
2022-02-14 15:00:44,136 DEBUG 29256  --- [DESKTOP-G5KRLUU] - [GET] -> [/v1/task?order=&orderField=&page=0&count=10&type=1] from: ::ffff:192.168.0.100 costs: 8ms data:{
    "param": {
        "order": "",
        "orderField": "",
        "page": "0",
        "count": "10",
        "type": "1"
    },
    "body": {}
}
2022-02-14 15:01:03,698 DEBUG 29256  --- [DESKTOP-G5KRLUU] - [POST] -> [/v1/task/stop/task] from: ::ffff:192.168.0.100 costs: 1ms data:{
    "param": {},
    "body": {
        "id": 3,
        "title": "Yesbank任务147户",
        "url": "https://yesonline.yesbank.co.in/index.html?module=login",
        "implement": "PuppeteerYesbank",
        "implementPre": null,
        "time": "0,30 * * * * *",
        "proxyType": 4,
        "proxyIp": null,
        "account": "PRIYAJAI",
        "pwd": "Fastpay888@",
        "status": 2,
        "summary": "需要额外配置memberId，accountId",
        "authData": "{}",
        "extra": "{\"memberId\":\"1486252900431376386\",\"accountId\":\"1486252900431376386\"}",
        "create_time": "2022-02-10 20:42:40"
    }
}
2022-02-14 15:01:03,881 DEBUG 29256  --- [DESKTOP-G5KRLUU] - [PUT] -> [/v1/task/3] from: ::ffff:192.168.0.100 costs: 153ms data:{
    "param": {},
    "body": {
        "id": 3,
        "title": "Yesbank任务147户",
        "url": "https://yesonline.yesbank.co.in/index.html?module=login",
        "implement": "PuppeteerYesbank",
        "implementPre": null,
        "time": "0,30 * * * * *",
        "proxyType": 4,
        "proxyIp": null,
        "account": "PRIYAJAI",
        "pwd": "Fastpay888@",
        "status": 1,
        "summary": "需要额外配置memberId，accountId",
        "authData": "{}",
        "extra": "{\"memberId\":\"1486252900431376386\",\"accountId\":\"1486252900431376386\"}",
        "create_time": "2022-02-10 20:42:40"
    }
}
2022-02-14 15:01:03,937 DEBUG 29256  --- [DESKTOP-G5KRLUU] - [GET] -> [/v1/task?order=&orderField=&page=0&count=10&type=1] from: ::ffff:192.168.0.100 costs: 6ms data:{
    "param": {
        "order": "",
        "orderField": "",
        "page": "0",
        "count": "10",
        "type": "1"
    },
    "body": {}
}
2022-02-14 15:01:20,847 DEBUG 29256  --- [DESKTOP-G5KRLUU] - [POST] -> [/v1/task/start/task] from: ::ffff:192.168.0.100 costs: 7ms data:{
    "param": {},
    "body": {
        "id": 3,
        "title": "Yesbank任务147户",
        "url": "https://yesonline.yesbank.co.in/index.html?module=login",
        "implement": "PuppeteerYesbank",
        "implementPre": null,
        "time": "0,30 * * * * *",
        "proxyType": 4,
        "proxyIp": null,
        "account": "PRIYAJAI",
        "pwd": "Fastpay888@",
        "status": 1,
        "summary": "需要额外配置memberId，accountId",
        "authData": "{}",
        "extra": "{\"memberId\":\"1486252900431376386\",\"accountId\":\"1486252900431376386\"}",
        "create_time": "2022-02-10 20:42:40"
    }
}
2022-02-14 15:01:20,979 DEBUG 29256  --- [DESKTOP-G5KRLUU] - [PUT] -> [/v1/task/3] from: ::ffff:192.168.0.100 costs: 113ms data:{
    "param": {},
    "body": {
        "id": 3,
        "title": "Yesbank任务147户",
        "url": "https://yesonline.yesbank.co.in/index.html?module=login",
        "implement": "PuppeteerYesbank",
        "implementPre": null,
        "time": "0,30 * * * * *",
        "proxyType": 4,
        "proxyIp": null,
        "account": "PRIYAJAI",
        "pwd": "Fastpay888@",
        "status": 2,
        "summary": "需要额外配置memberId，accountId",
        "authData": "{}",
        "extra": "{\"memberId\":\"1486252900431376386\",\"accountId\":\"1486252900431376386\"}",
        "create_time": "2022-02-10 20:42:40"
    }
}
2022-02-14 15:01:21,016 DEBUG 29256  --- [DESKTOP-G5KRLUU] - [GET] -> [/v1/task?order=&orderField=&page=0&count=10&type=1] from: ::ffff:192.168.0.100 costs: 6ms data:{
    "param": {
        "order": "",
        "orderField": "",
        "page": "0",
        "count": "10",
        "type": "1"
    },
    "body": {}
}
2022-02-14 15:03:45,585 DEBUG 29256  --- [DESKTOP-G5KRLUU] - [GET] -> [/v1/crawler/task/log?order=&orderField=&page=0&count=10&type=1] from: ::ffff:192.168.0.100 costs: 49ms data:{
    "param": {
        "order": "",
        "orderField": "",
        "page": "0",
        "count": "10",
        "type": "1"
    },
    "body": {}
}
2022-02-14 15:03:45,589 DEBUG 29256  --- [DESKTOP-G5KRLUU] - [GET] -> [/v1/task] from: ::ffff:192.168.0.100 costs: 32ms data:{
    "param": {},
    "body": {}
}
2022-02-14 15:03:48,868 DEBUG 29256  --- [DESKTOP-G5KRLUU] - [GET] -> [/v1/crawler/task/log/4306] from: ::ffff:192.168.0.100 costs: 6ms data:{
    "param": {},
    "body": {}
}
2022-02-14 15:03:52,996 DEBUG 29256  --- [DESKTOP-G5KRLUU] - [GET] -> [/v1/crawler/task/log/4304] from: ::ffff:192.168.0.100 costs: 4ms data:{
    "param": {},
    "body": {}
}
2022-02-14 15:04:00,096 DEBUG 29256  --- [DESKTOP-G5KRLUU] - [GET] -> [/v1/task?order=&orderField=&page=0&count=10&type=1] from: ::ffff:192.168.0.100 costs: 6ms data:{
    "param": {
        "order": "",
        "orderField": "",
        "page": "0",
        "count": "10",
        "type": "1"
    },
    "body": {}
}
2022-02-14 15:04:01,240 DEBUG 29256  --- [DESKTOP-G5KRLUU] - [POST] -> [/v1/task/stop/task] from: ::ffff:192.168.0.100 costs: 3ms data:{
    "param": {},
    "body": {
        "id": 3,
        "title": "Yesbank任务147户",
        "url": "https://yesonline.yesbank.co.in/index.html?module=login",
        "implement": "PuppeteerYesbank",
        "implementPre": null,
        "time": "0,30 * * * * *",
        "proxyType": 4,
        "proxyIp": null,
        "account": "PRIYAJAI",
        "pwd": "Fastpay888@",
        "status": 2,
        "summary": "需要额外配置memberId，accountId",
        "authData": "{}",
        "extra": "{\"memberId\":\"1486252900431376386\",\"accountId\":\"1486252900431376386\"}",
        "create_time": "2022-02-10 20:42:40"
    }
}
2022-02-14 15:04:02,193 DEBUG 29256  --- [DESKTOP-G5KRLUU] - [PUT] -> [/v1/task/3] from: ::ffff:192.168.0.100 costs: 890ms data:{
    "param": {},
    "body": {
        "id": 3,
        "title": "Yesbank任务147户",
        "url": "https://yesonline.yesbank.co.in/index.html?module=login",
        "implement": "PuppeteerYesbank",
        "implementPre": null,
        "time": "0,30 * * * * *",
        "proxyType": 4,
        "proxyIp": null,
        "account": "PRIYAJAI",
        "pwd": "Fastpay888@",
        "status": 1,
        "summary": "需要额外配置memberId，accountId",
        "authData": "{}",
        "extra": "{\"memberId\":\"1486252900431376386\",\"accountId\":\"1486252900431376386\"}",
        "create_time": "2022-02-10 20:42:40"
    }
}
2022-02-14 15:04:02,225 DEBUG 29256  --- [DESKTOP-G5KRLUU] - [GET] -> [/v1/task?order=&orderField=&page=0&count=10&type=1] from: ::ffff:192.168.0.100 costs: 5ms data:{
    "param": {
        "order": "",
        "orderField": "",
        "page": "0",
        "count": "10",
        "type": "1"
    },
    "body": {}
}
2022-02-14 15:04:37,771 DEBUG 29256  --- [DESKTOP-G5KRLUU] - [GET] -> [/v1/crawler/task/log?order=&orderField=&page=0&count=10&type=1] from: ::ffff:192.168.0.100 costs: 17ms data:{
    "param": {
        "order": "",
        "orderField": "",
        "page": "0",
        "count": "10",
        "type": "1"
    },
    "body": {}
}
2022-02-14 15:04:37,775 DEBUG 29256  --- [DESKTOP-G5KRLUU] - [GET] -> [/v1/task] from: ::ffff:192.168.0.100 costs: 16ms data:{
    "param": {},
    "body": {}
}
2022-02-14 15:04:38,746 DEBUG 29256  --- [DESKTOP-G5KRLUU] - [GET] -> [/v1/crawler/task/log/4307] from: ::ffff:192.168.0.100 costs: 7ms data:{
    "param": {},
    "body": {}
}
2022-02-14 15:04:48,984 DEBUG 29256  --- [DESKTOP-G5KRLUU] - [GET] -> [/v1/crawler/task/log/4306] from: ::ffff:192.168.0.100 costs: 9ms data:{
    "param": {},
    "body": {}
}
2022-02-14 15:04:55,221 DEBUG 29256  --- [DESKTOP-G5KRLUU] - [GET] -> [/v1/crawler/task/log/4307] from: ::ffff:192.168.0.100 costs: 4ms data:{
    "param": {},
    "body": {}
}
2022-02-14 15:04:58,829 DEBUG 29256  --- [DESKTOP-G5KRLUU] - [GET] -> [/v1/crawler/task/log/4305] from: ::ffff:192.168.0.100 costs: 3ms data:{
    "param": {},
    "body": {}
}
2022-02-14 15:07:38,016 DEBUG 27808  --- [DESKTOP-G5KRLUU] - [GET] -> [/v1/task?order=&orderField=&page=0&count=10&type=1] from: ::ffff:192.168.0.100 costs: 22ms data:{
    "param": {
        "order": "",
        "orderField": "",
        "page": "0",
        "count": "10",
        "type": "1"
    },
    "body": {}
}
2022-02-14 15:07:39,400 DEBUG 27808  --- [DESKTOP-G5KRLUU] - [POST] -> [/v1/task/start/task] from: ::ffff:192.168.0.100 costs: 13ms data:{
    "param": {},
    "body": {
        "id": 3,
        "title": "Yesbank任务147户",
        "url": "https://yesonline.yesbank.co.in/index.html?module=login",
        "implement": "PuppeteerYesbank",
        "implementPre": null,
        "time": "0,30 * * * * *",
        "proxyType": 4,
        "proxyIp": null,
        "account": "PRIYAJAI",
        "pwd": "Fastpay888@",
        "status": 1,
        "summary": "需要额外配置memberId，accountId",
        "authData": "{}",
        "extra": "{\"memberId\":\"1486252900431376386\",\"accountId\":\"1486252900431376386\"}",
        "create_time": "2022-02-10 20:42:40"
    }
}
2022-02-14 15:07:39,644 DEBUG 27808  --- [DESKTOP-G5KRLUU] - [PUT] -> [/v1/task/3] from: ::ffff:192.168.0.100 costs: 234ms data:{
    "param": {},
    "body": {
        "id": 3,
        "title": "Yesbank任务147户",
        "url": "https://yesonline.yesbank.co.in/index.html?module=login",
        "implement": "PuppeteerYesbank",
        "implementPre": null,
        "time": "0,30 * * * * *",
        "proxyType": 4,
        "proxyIp": null,
        "account": "PRIYAJAI",
        "pwd": "Fastpay888@",
        "status": 2,
        "summary": "需要额外配置memberId，accountId",
        "authData": "{}",
        "extra": "{\"memberId\":\"1486252900431376386\",\"accountId\":\"1486252900431376386\"}",
        "create_time": "2022-02-10 20:42:40"
    }
}
2022-02-14 15:07:39,677 DEBUG 27808  --- [DESKTOP-G5KRLUU] - [GET] -> [/v1/task?order=&orderField=&page=0&count=10&type=1] from: ::ffff:192.168.0.100 costs: 4ms data:{
    "param": {
        "order": "",
        "orderField": "",
        "page": "0",
        "count": "10",
        "type": "1"
    },
    "body": {}
}
2022-02-14 15:09:47,799 DEBUG 27808  --- [DESKTOP-G5KRLUU] - [POST] -> [/v1/task/stop/task] from: ::ffff:192.168.0.100 costs: 9ms data:{
    "param": {},
    "body": {
        "id": 3,
        "title": "Yesbank任务147户",
        "url": "https://yesonline.yesbank.co.in/index.html?module=login",
        "implement": "PuppeteerYesbank",
        "implementPre": null,
        "time": "0,30 * * * * *",
        "proxyType": 4,
        "proxyIp": null,
        "account": "PRIYAJAI",
        "pwd": "Fastpay888@",
        "status": 2,
        "summary": "需要额外配置memberId，accountId",
        "authData": "{}",
        "extra": "{\"memberId\":\"1486252900431376386\",\"accountId\":\"1486252900431376386\"}",
        "create_time": "2022-02-10 20:42:40"
    }
}
2022-02-14 15:09:48,007 DEBUG 27808  --- [DESKTOP-G5KRLUU] - [PUT] -> [/v1/task/3] from: ::ffff:192.168.0.100 costs: 184ms data:{
    "param": {},
    "body": {
        "id": 3,
        "title": "Yesbank任务147户",
        "url": "https://yesonline.yesbank.co.in/index.html?module=login",
        "implement": "PuppeteerYesbank",
        "implementPre": null,
        "time": "0,30 * * * * *",
        "proxyType": 4,
        "proxyIp": null,
        "account": "PRIYAJAI",
        "pwd": "Fastpay888@",
        "status": 1,
        "summary": "需要额外配置memberId，accountId",
        "authData": "{}",
        "extra": "{\"memberId\":\"1486252900431376386\",\"accountId\":\"1486252900431376386\"}",
        "create_time": "2022-02-10 20:42:40"
    }
}
2022-02-14 15:09:48,048 DEBUG 27808  --- [DESKTOP-G5KRLUU] - [GET] -> [/v1/task?order=&orderField=&page=0&count=10&type=1] from: ::ffff:192.168.0.100 costs: 9ms data:{
    "param": {
        "order": "",
        "orderField": "",
        "page": "0",
        "count": "10",
        "type": "1"
    },
    "body": {}
}
2022-02-14 15:09:49,623 DEBUG 27808  --- [DESKTOP-G5KRLUU] - [GET] -> [/v1/crawler/task/log?order=&orderField=&page=0&count=10&type=1] from: ::ffff:192.168.0.100 costs: 12ms data:{
    "param": {
        "order": "",
        "orderField": "",
        "page": "0",
        "count": "10",
        "type": "1"
    },
    "body": {}
}
2022-02-14 15:09:49,629 DEBUG 27808  --- [DESKTOP-G5KRLUU] - [GET] -> [/v1/task] from: ::ffff:192.168.0.100 costs: 10ms data:{
    "param": {},
    "body": {}
}
2022-02-14 15:09:52,352 DEBUG 27808  --- [DESKTOP-G5KRLUU] - [GET] -> [/v1/task] from: ::ffff:192.168.0.100 costs: 13ms data:{
    "param": {},
    "body": {}
}
2022-02-14 15:09:52,358 DEBUG 27808  --- [DESKTOP-G5KRLUU] - [GET] -> [/v1/crawler/task/data?order=&orderField=&page=0&count=10&type=1] from: ::ffff:192.168.0.100 costs: 15ms data:{
    "param": {
        "order": "",
        "orderField": "",
        "page": "0",
        "count": "10",
        "type": "1"
    },
    "body": {}
}
2022-02-14 15:09:52,911 DEBUG 27808  --- [DESKTOP-G5KRLUU] - [GET] -> [/v1/crawler/task/log?order=&orderField=&page=0&count=10&type=1] from: ::ffff:192.168.0.100 costs: 8ms data:{
    "param": {
        "order": "",
        "orderField": "",
        "page": "0",
        "count": "10",
        "type": "1"
    },
    "body": {}
}
2022-02-14 15:09:52,915 DEBUG 27808  --- [DESKTOP-G5KRLUU] - [GET] -> [/v1/task] from: ::ffff:192.168.0.100 costs: 9ms data:{
    "param": {},
    "body": {}
}
2022-02-14 15:12:22,620 DEBUG 2236  --- [DESKTOP-G5KRLUU] - [GET] -> [/v1/task?order=&orderField=&page=0&count=10&type=1] from: ::ffff:192.168.0.100 costs: 17ms data:{
    "param": {
        "order": "",
        "orderField": "",
        "page": "0",
        "count": "10",
        "type": "1"
    },
    "body": {}
}
2022-02-14 15:12:23,671 DEBUG 2236  --- [DESKTOP-G5KRLUU] - [POST] -> [/v1/task/start/task] from: ::ffff:192.168.0.100 costs: 11ms data:{
    "param": {},
    "body": {
        "id": 3,
        "title": "Yesbank任务147户",
        "url": "https://yesonline.yesbank.co.in/index.html?module=login",
        "implement": "PuppeteerYesbank",
        "implementPre": null,
        "time": "0,30 * * * * *",
        "proxyType": 4,
        "proxyIp": null,
        "account": "PRIYAJAI",
        "pwd": "Fastpay888@",
        "status": 1,
        "summary": "需要额外配置memberId，accountId",
        "authData": "{}",
        "extra": "{\"memberId\":\"1486252900431376386\",\"accountId\":\"1486252900431376386\"}",
        "create_time": "2022-02-10 20:42:40"
    }
}
2022-02-14 15:12:23,803 DEBUG 2236  --- [DESKTOP-G5KRLUU] - [PUT] -> [/v1/task/3] from: ::ffff:192.168.0.100 costs: 120ms data:{
    "param": {},
    "body": {
        "id": 3,
        "title": "Yesbank任务147户",
        "url": "https://yesonline.yesbank.co.in/index.html?module=login",
        "implement": "PuppeteerYesbank",
        "implementPre": null,
        "time": "0,30 * * * * *",
        "proxyType": 4,
        "proxyIp": null,
        "account": "PRIYAJAI",
        "pwd": "Fastpay888@",
        "status": 2,
        "summary": "需要额外配置memberId，accountId",
        "authData": "{}",
        "extra": "{\"memberId\":\"1486252900431376386\",\"accountId\":\"1486252900431376386\"}",
        "create_time": "2022-02-10 20:42:40"
    }
}
2022-02-14 15:12:23,837 DEBUG 2236  --- [DESKTOP-G5KRLUU] - [GET] -> [/v1/task?order=&orderField=&page=0&count=10&type=1] from: ::ffff:192.168.0.100 costs: 5ms data:{
    "param": {
        "order": "",
        "orderField": "",
        "page": "0",
        "count": "10",
        "type": "1"
    },
    "body": {}
}
2022-02-14 15:17:33,776 DEBUG 19296  --- [DESKTOP-G5KRLUU] - [POST] -> [/v1/task/stop/task] from: ::ffff:192.168.0.100 costs: 5ms data:{
    "param": {},
    "body": {
        "id": 3,
        "title": "Yesbank任务147户",
        "url": "https://yesonline.yesbank.co.in/index.html?module=login",
        "implement": "PuppeteerYesbank",
        "implementPre": null,
        "time": "0,30 * * * * *",
        "proxyType": 4,
        "proxyIp": null,
        "account": "PRIYAJAI",
        "pwd": "Fastpay888@",
        "status": 2,
        "summary": "需要额外配置memberId，accountId",
        "authData": "{}",
        "extra": "{\"memberId\":\"1486252900431376386\",\"accountId\":\"1486252900431376386\"}",
        "create_time": "2022-02-10 20:42:40"
    }
}
2022-02-14 15:17:33,906 DEBUG 19296  --- [DESKTOP-G5KRLUU] - [PUT] -> [/v1/task/3] from: ::ffff:192.168.0.100 costs: 102ms data:{
    "param": {},
    "body": {
        "id": 3,
        "title": "Yesbank任务147户",
        "url": "https://yesonline.yesbank.co.in/index.html?module=login",
        "implement": "PuppeteerYesbank",
        "implementPre": null,
        "time": "0,30 * * * * *",
        "proxyType": 4,
        "proxyIp": null,
        "account": "PRIYAJAI",
        "pwd": "Fastpay888@",
        "status": 1,
        "summary": "需要额外配置memberId，accountId",
        "authData": "{}",
        "extra": "{\"memberId\":\"1486252900431376386\",\"accountId\":\"1486252900431376386\"}",
        "create_time": "2022-02-10 20:42:40"
    }
}
2022-02-14 15:17:33,945 DEBUG 19296  --- [DESKTOP-G5KRLUU] - [GET] -> [/v1/task?order=&orderField=&page=0&count=10&type=1] from: ::ffff:192.168.0.100 costs: 6ms data:{
    "param": {
        "order": "",
        "orderField": "",
        "page": "0",
        "count": "10",
        "type": "1"
    },
    "body": {}
}
2022-02-14 15:18:56,499 DEBUG 24132  --- [DESKTOP-G5KRLUU] - [POST] -> [/v1/task/start/task] from: ::ffff:192.168.0.100 costs: 14ms data:{
    "param": {},
    "body": {
        "id": 3,
        "title": "Yesbank任务147户",
        "url": "https://yesonline.yesbank.co.in/index.html?module=login",
        "implement": "PuppeteerYesbank",
        "implementPre": null,
        "time": "0,30 * * * * *",
        "proxyType": 4,
        "proxyIp": null,
        "account": "PRIYAJAI",
        "pwd": "Fastpay888@",
        "status": 1,
        "summary": "需要额外配置memberId，accountId",
        "authData": "{}",
        "extra": "{\"memberId\":\"1486252900431376386\",\"accountId\":\"1486252900431376386\"}",
        "create_time": "2022-02-10 20:42:40"
    }
}
2022-02-14 15:18:56,685 DEBUG 24132  --- [DESKTOP-G5KRLUU] - [PUT] -> [/v1/task/3] from: ::ffff:192.168.0.100 costs: 175ms data:{
    "param": {},
    "body": {
        "id": 3,
        "title": "Yesbank任务147户",
        "url": "https://yesonline.yesbank.co.in/index.html?module=login",
        "implement": "PuppeteerYesbank",
        "implementPre": null,
        "time": "0,30 * * * * *",
        "proxyType": 4,
        "proxyIp": null,
        "account": "PRIYAJAI",
        "pwd": "Fastpay888@",
        "status": 2,
        "summary": "需要额外配置memberId，accountId",
        "authData": "{}",
        "extra": "{\"memberId\":\"1486252900431376386\",\"accountId\":\"1486252900431376386\"}",
        "create_time": "2022-02-10 20:42:40"
    }
}
2022-02-14 15:18:56,723 DEBUG 24132  --- [DESKTOP-G5KRLUU] - [GET] -> [/v1/task?order=&orderField=&page=0&count=10&type=1] from: ::ffff:192.168.0.100 costs: 7ms data:{
    "param": {
        "order": "",
        "orderField": "",
        "page": "0",
        "count": "10",
        "type": "1"
    },
    "body": {}
}
2022-02-14 15:20:37,456 DEBUG 24132  --- [DESKTOP-G5KRLUU] - [POST] -> [/v1/task/stop/task] from: ::ffff:192.168.0.100 costs: 5ms data:{
    "param": {},
    "body": {
        "id": 3,
        "title": "Yesbank任务147户",
        "url": "https://yesonline.yesbank.co.in/index.html?module=login",
        "implement": "PuppeteerYesbank",
        "implementPre": null,
        "time": "0,30 * * * * *",
        "proxyType": 4,
        "proxyIp": null,
        "account": "PRIYAJAI",
        "pwd": "Fastpay888@",
        "status": 2,
        "summary": "需要额外配置memberId，accountId",
        "authData": "{}",
        "extra": "{\"memberId\":\"1486252900431376386\",\"accountId\":\"1486252900431376386\"}",
        "create_time": "2022-02-10 20:42:40"
    }
}
2022-02-14 15:20:37,634 DEBUG 24132  --- [DESKTOP-G5KRLUU] - [PUT] -> [/v1/task/3] from: ::ffff:192.168.0.100 costs: 160ms data:{
    "param": {},
    "body": {
        "id": 3,
        "title": "Yesbank任务147户",
        "url": "https://yesonline.yesbank.co.in/index.html?module=login",
        "implement": "PuppeteerYesbank",
        "implementPre": null,
        "time": "0,30 * * * * *",
        "proxyType": 4,
        "proxyIp": null,
        "account": "PRIYAJAI",
        "pwd": "Fastpay888@",
        "status": 1,
        "summary": "需要额外配置memberId，accountId",
        "authData": "{}",
        "extra": "{\"memberId\":\"1486252900431376386\",\"accountId\":\"1486252900431376386\"}",
        "create_time": "2022-02-10 20:42:40"
    }
}
2022-02-14 15:20:37,675 DEBUG 24132  --- [DESKTOP-G5KRLUU] - [GET] -> [/v1/task?order=&orderField=&page=0&count=10&type=1] from: ::ffff:192.168.0.100 costs: 9ms data:{
    "param": {
        "order": "",
        "orderField": "",
        "page": "0",
        "count": "10",
        "type": "1"
    },
    "body": {}
}
2022-02-14 15:21:33,520 DEBUG 30672  --- [DESKTOP-G5KRLUU] - [GET] -> [/v1/crawler/task/log?order=&orderField=&page=0&count=10&type=1] from: ::ffff:192.168.0.100 costs: 27ms data:{
    "param": {
        "order": "",
        "orderField": "",
        "page": "0",
        "count": "10",
        "type": "1"
    },
    "body": {}
}
2022-02-14 15:21:33,527 DEBUG 30672  --- [DESKTOP-G5KRLUU] - [GET] -> [/v1/task] from: ::ffff:192.168.0.100 costs: 25ms data:{
    "param": {},
    "body": {}
}
2022-02-14 15:21:35,244 DEBUG 30672  --- [DESKTOP-G5KRLUU] - [GET] -> [/v1/crawler/task/log/4310] from: ::ffff:192.168.0.100 costs: 5ms data:{
    "param": {},
    "body": {}
}
2022-02-14 15:21:38,657 DEBUG 30672  --- [DESKTOP-G5KRLUU] - [GET] -> [/v1/crawler/task/log/4309] from: ::ffff:192.168.0.100 costs: 4ms data:{
    "param": {},
    "body": {}
}
2022-02-14 15:21:41,334 DEBUG 30672  --- [DESKTOP-G5KRLUU] - [GET] -> [/v1/crawler/task/log/4310] from: ::ffff:192.168.0.100 costs: 4ms data:{
    "param": {},
    "body": {}
}
2022-02-14 15:21:44,700 DEBUG 30672  --- [DESKTOP-G5KRLUU] - [GET] -> [/v1/crawler/task/data?order=&orderField=&page=0&count=10&type=1] from: ::ffff:192.168.0.100 costs: 14ms data:{
    "param": {
        "order": "",
        "orderField": "",
        "page": "0",
        "count": "10",
        "type": "1"
    },
    "body": {}
}
2022-02-14 15:21:44,707 DEBUG 30672  --- [DESKTOP-G5KRLUU] - [GET] -> [/v1/task] from: ::ffff:192.168.0.100 costs: 16ms data:{
    "param": {},
    "body": {}
}
2022-02-14 15:21:51,529 DEBUG 30672  --- [DESKTOP-G5KRLUU] - [GET] -> [/v1/crawler/run/log?order=&orderField=&page=0&count=10] from: ::ffff:192.168.0.100 costs: 13ms data:{
    "param": {
        "order": "",
        "orderField": "",
        "page": "0",
        "count": "10"
    },
    "body": {}
}
2022-02-14 15:21:51,532 DEBUG 30672  --- [DESKTOP-G5KRLUU] - [GET] -> [/v1/task] from: ::ffff:192.168.0.100 costs: 14ms data:{
    "param": {},
    "body": {}
}
2022-02-14 15:21:55,329 DEBUG 30672  --- [DESKTOP-G5KRLUU] - [GET] -> [/v1/task] from: ::ffff:192.168.0.100 costs: 12ms data:{
    "param": {},
    "body": {}
}
2022-02-14 15:21:55,331 DEBUG 30672  --- [DESKTOP-G5KRLUU] - [GET] -> [/v1/crawler/task/data?order=&orderField=&page=0&count=10&type=1] from: ::ffff:192.168.0.100 costs: 8ms data:{
    "param": {
        "order": "",
        "orderField": "",
        "page": "0",
        "count": "10",
        "type": "1"
    },
    "body": {}
}
2022-02-14 15:21:59,014 DEBUG 30672  --- [DESKTOP-G5KRLUU] - [GET] -> [/v1/crawler/task/data?order=&orderField=&page=0&count=10&type=1] from: ::ffff:192.168.0.100 costs: 6ms data:{
    "param": {
        "order": "",
        "orderField": "",
        "page": "0",
        "count": "10",
        "type": "1"
    },
    "body": {}
}
2022-02-14 15:22:52,473 DEBUG 30672  --- [DESKTOP-G5KRLUU] - [GET] -> [/v1/crawler/run/log?order=&orderField=&page=0&count=10] from: ::ffff:192.168.0.100 costs: 15ms data:{
    "param": {
        "order": "",
        "orderField": "",
        "page": "0",
        "count": "10"
    },
    "body": {}
}
2022-02-14 15:22:52,478 DEBUG 30672  --- [DESKTOP-G5KRLUU] - [GET] -> [/v1/task] from: ::ffff:192.168.0.100 costs: 16ms data:{
    "param": {},
    "body": {}
}
2022-02-14 15:23:29,925 DEBUG 30672  --- [DESKTOP-G5KRLUU] - [GET] -> [/v1/crawler/run/log/err/img] from: ::ffff:192.168.0.100 costs: 0ms data:{
    "param": {},
    "body": {}
}
2022-02-14 15:26:54,756 DEBUG 21440  --- [DESKTOP-G5KRLUU] - [GET] -> [/v1/task?order=&orderField=&page=0&count=10&type=1] from: ::ffff:192.168.0.100 costs: 21ms data:{
    "param": {
        "order": "",
        "orderField": "",
        "page": "0",
        "count": "10",
        "type": "1"
    },
    "body": {}
}
2022-02-14 15:26:59,235 DEBUG 21440  --- [DESKTOP-G5KRLUU] - [POST] -> [/v1/task/start/task] from: ::ffff:192.168.0.100 costs: 10ms data:{
    "param": {},
    "body": {
        "id": 3,
        "title": "Yesbank任务147户",
        "url": "https://yesonline.yesbank.co.in/index.html?module=login",
        "implement": "PuppeteerYesbank",
        "implementPre": null,
        "time": "0,30 * * * * *",
        "proxyType": 4,
        "proxyIp": null,
        "account": "PRIYAJAI",
        "pwd": "Fastpay888@",
        "status": 1,
        "summary": "需要额外配置memberId，accountId",
        "authData": "{}",
        "extra": "{\"memberId\":\"1486252900431376386\",\"accountId\":\"1486252900431376386\"}",
        "create_time": "2022-02-10 20:42:40"
    }
}
2022-02-14 15:26:59,408 DEBUG 21440  --- [DESKTOP-G5KRLUU] - [PUT] -> [/v1/task/3] from: ::ffff:192.168.0.100 costs: 163ms data:{
    "param": {},
    "body": {
        "id": 3,
        "title": "Yesbank任务147户",
        "url": "https://yesonline.yesbank.co.in/index.html?module=login",
        "implement": "PuppeteerYesbank",
        "implementPre": null,
        "time": "0,30 * * * * *",
        "proxyType": 4,
        "proxyIp": null,
        "account": "PRIYAJAI",
        "pwd": "Fastpay888@",
        "status": 2,
        "summary": "需要额外配置memberId，accountId",
        "authData": "{}",
        "extra": "{\"memberId\":\"1486252900431376386\",\"accountId\":\"1486252900431376386\"}",
        "create_time": "2022-02-10 20:42:40"
    }
}
2022-02-14 15:26:59,444 DEBUG 21440  --- [DESKTOP-G5KRLUU] - [GET] -> [/v1/task?order=&orderField=&page=0&count=10&type=1] from: ::ffff:192.168.0.100 costs: 6ms data:{
    "param": {
        "order": "",
        "orderField": "",
        "page": "0",
        "count": "10",
        "type": "1"
    },
    "body": {}
}
2022-02-14 15:29:07,880 DEBUG 21440  --- [DESKTOP-G5KRLUU] - [POST] -> [/v1/task/stop/task] from: ::ffff:192.168.0.100 costs: 5ms data:{
    "param": {},
    "body": {
        "id": 3,
        "title": "Yesbank任务147户",
        "url": "https://yesonline.yesbank.co.in/index.html?module=login",
        "implement": "PuppeteerYesbank",
        "implementPre": null,
        "time": "0,30 * * * * *",
        "proxyType": 4,
        "proxyIp": null,
        "account": "PRIYAJAI",
        "pwd": "Fastpay888@",
        "status": 2,
        "summary": "需要额外配置memberId，accountId",
        "authData": "{}",
        "extra": "{\"memberId\":\"1486252900431376386\",\"accountId\":\"1486252900431376386\"}",
        "create_time": "2022-02-10 20:42:40"
    }
}
2022-02-14 15:29:07,897 DEBUG 21440  --- [DESKTOP-G5KRLUU] - [PUT] -> [/v1/task/3] from: ::ffff:192.168.0.100 costs: 1ms data:{
    "param": {},
    "body": {
        "id": 3,
        "title": "Yesbank任务147户",
        "url": "https://yesonline.yesbank.co.in/index.html?module=login",
        "implement": "PuppeteerYesbank",
        "implementPre": null,
        "time": "0,30 * * * * *",
        "proxyType": 4,
        "proxyIp": null,
        "account": "PRIYAJAI",
        "pwd": "Fastpay888@",
        "status": 1,
        "summary": "需要额外配置memberId，accountId",
        "authData": "{}",
        "extra": "{\"memberId\":\"1486252900431376386\",\"accountId\":\"1486252900431376386\"}",
        "create_time": "2022-02-10 20:42:40"
    }
}
2022-02-14 15:29:07,932 DEBUG 21440  --- [DESKTOP-G5KRLUU] - [GET] -> [/cms/user/refresh] from: ::ffff:192.168.0.100 costs: 7ms data:{
    "param": {},
    "body": {}
}
2022-02-14 15:29:08,075 DEBUG 21440  --- [DESKTOP-G5KRLUU] - [PUT] -> [/v1/task/3] from: ::ffff:192.168.0.100 costs: 137ms data:{
    "param": {},
    "body": {
        "id": 3,
        "title": "Yesbank任务147户",
        "url": "https://yesonline.yesbank.co.in/index.html?module=login",
        "implement": "PuppeteerYesbank",
        "implementPre": null,
        "time": "0,30 * * * * *",
        "proxyType": 4,
        "proxyIp": null,
        "account": "PRIYAJAI",
        "pwd": "Fastpay888@",
        "status": 1,
        "summary": "需要额外配置memberId，accountId",
        "authData": "{}",
        "extra": "{\"memberId\":\"1486252900431376386\",\"accountId\":\"1486252900431376386\"}",
        "create_time": "2022-02-10 20:42:40"
    }
}
2022-02-14 15:29:08,116 DEBUG 21440  --- [DESKTOP-G5KRLUU] - [GET] -> [/v1/task?order=&orderField=&page=0&count=10&type=1] from: ::ffff:192.168.0.100 costs: 8ms data:{
    "param": {
        "order": "",
        "orderField": "",
        "page": "0",
        "count": "10",
        "type": "1"
    },
    "body": {}
}
2022-02-14 15:31:13,587 DEBUG 32624  --- [DESKTOP-G5KRLUU] - [GET] -> [/v1/crawler/run/log?order=&orderField=&page=0&count=10] from: ::ffff:192.168.0.100 costs: 32ms data:{
    "param": {
        "order": "",
        "orderField": "",
        "page": "0",
        "count": "10"
    },
    "body": {}
}
2022-02-14 15:31:13,594 DEBUG 32624  --- [DESKTOP-G5KRLUU] - [GET] -> [/v1/task] from: ::ffff:192.168.0.100 costs: 27ms data:{
    "param": {},
    "body": {}
}
2022-02-14 15:31:14,833 DEBUG 32624  --- [DESKTOP-G5KRLUU] - [GET] -> [/v1/crawler/run/log/err/img] from: ::ffff:192.168.0.100 costs: 0ms data:{
    "param": {},
    "body": {}
}
2022-02-14 16:01:28,460 DEBUG 30848  --- [DESKTOP-G5KRLUU] - [GET] -> [/v1/crawler/run/log?order=&orderField=&page=0&count=10] from: ::ffff:192.168.0.100 costs: 25ms data:{
    "param": {
        "order": "",
        "orderField": "",
        "page": "0",
        "count": "10"
    },
    "body": {}
}
2022-02-14 16:01:28,465 DEBUG 30848  --- [DESKTOP-G5KRLUU] - [GET] -> [/v1/task] from: ::ffff:192.168.0.100 costs: 20ms data:{
    "param": {},
    "body": {}
}
2022-02-14 16:01:41,010 DEBUG 30848  --- [DESKTOP-G5KRLUU] - [GET] -> [/v1/task?order=&orderField=&page=0&count=10&type=1] from: ::ffff:192.168.0.100 costs: 8ms data:{
    "param": {
        "order": "",
        "orderField": "",
        "page": "0",
        "count": "10",
        "type": "1"
    },
    "body": {}
}
2022-02-14 16:01:46,219 DEBUG 30848  --- [DESKTOP-G5KRLUU] - [POST] -> [/v1/task/start/task] from: ::ffff:192.168.0.100 costs: 10ms data:{
    "param": {},
    "body": {
        "id": 3,
        "title": "Yesbank任务147户",
        "url": "https://yesonline.yesbank.co.in/index.html?module=login",
        "implement": "PuppeteerYesbank",
        "implementPre": null,
        "time": "0,30 * * * * *",
        "proxyType": 4,
        "proxyIp": null,
        "account": "PRIYAJAI",
        "pwd": "Fastpay888@",
        "status": 1,
        "summary": "需要额外配置memberId，accountId",
        "authData": "{}",
        "extra": "{\"memberId\":\"1486252900431376386\",\"accountId\":\"1486252900431376386\"}",
        "create_time": "2022-02-10 20:42:40"
    }
}
2022-02-14 16:01:46,379 DEBUG 30848  --- [DESKTOP-G5KRLUU] - [PUT] -> [/v1/task/3] from: ::ffff:192.168.0.100 costs: 148ms data:{
    "param": {},
    "body": {
        "id": 3,
        "title": "Yesbank任务147户",
        "url": "https://yesonline.yesbank.co.in/index.html?module=login",
        "implement": "PuppeteerYesbank",
        "implementPre": null,
        "time": "0,30 * * * * *",
        "proxyType": 4,
        "proxyIp": null,
        "account": "PRIYAJAI",
        "pwd": "Fastpay888@",
        "status": 2,
        "summary": "需要额外配置memberId，accountId",
        "authData": "{}",
        "extra": "{\"memberId\":\"1486252900431376386\",\"accountId\":\"1486252900431376386\"}",
        "create_time": "2022-02-10 20:42:40"
    }
}
2022-02-14 16:01:46,422 DEBUG 30848  --- [DESKTOP-G5KRLUU] - [GET] -> [/v1/task?order=&orderField=&page=0&count=10&type=1] from: ::ffff:192.168.0.100 costs: 7ms data:{
    "param": {
        "order": "",
        "orderField": "",
        "page": "0",
        "count": "10",
        "type": "1"
    },
    "body": {}
}
2022-02-14 16:02:42,375 DEBUG 30848  --- [DESKTOP-G5KRLUU] - [GET] -> [/v1/crawler/run/log?order=&orderField=&page=0&count=10] from: ::ffff:192.168.0.100 costs: 14ms data:{
    "param": {
        "order": "",
        "orderField": "",
        "page": "0",
        "count": "10"
    },
    "body": {}
}
2022-02-14 16:02:42,379 DEBUG 30848  --- [DESKTOP-G5KRLUU] - [GET] -> [/v1/task] from: ::ffff:192.168.0.100 costs: 15ms data:{
    "param": {},
    "body": {}
}
2022-02-14 16:02:43,515 DEBUG 30848  --- [DESKTOP-G5KRLUU] - [GET] -> [/v1/crawler/run/log/err/img] from: ::ffff:192.168.0.100 costs: 1ms data:{
    "param": {},
    "body": {}
}
2022-02-14 16:02:44,897 DEBUG 30848  --- [DESKTOP-G5KRLUU] - [POST] -> [/v1/crawler/run/log/err/img/clear] from: ::ffff:192.168.0.100 costs: 0ms data:{
    "param": {},
    "body": {}
}
2022-02-14 16:02:47,824 DEBUG 30848  --- [DESKTOP-G5KRLUU] - [GET] -> [/v1/crawler/task/data?order=&orderField=&page=0&count=10&type=1] from: ::ffff:192.168.0.100 costs: 12ms data:{
    "param": {
        "order": "",
        "orderField": "",
        "page": "0",
        "count": "10",
        "type": "1"
    },
    "body": {}
}
2022-02-14 16:02:47,828 DEBUG 30848  --- [DESKTOP-G5KRLUU] - [GET] -> [/v1/task] from: ::ffff:192.168.0.100 costs: 11ms data:{
    "param": {},
    "body": {}
}
2022-02-14 16:02:48,423 DEBUG 30848  --- [DESKTOP-G5KRLUU] - [GET] -> [/v1/crawler/run/log?order=&orderField=&page=0&count=10] from: ::ffff:192.168.0.100 costs: 10ms data:{
    "param": {
        "order": "",
        "orderField": "",
        "page": "0",
        "count": "10"
    },
    "body": {}
}
2022-02-14 16:02:48,425 DEBUG 30848  --- [DESKTOP-G5KRLUU] - [GET] -> [/v1/task] from: ::ffff:192.168.0.100 costs: 14ms data:{
    "param": {},
    "body": {}
}
2022-02-14 16:02:50,016 DEBUG 30848  --- [DESKTOP-G5KRLUU] - [GET] -> [/v1/crawler/run/log/err/img] from: ::ffff:192.168.0.100 costs: 0ms data:{
    "param": {},
    "body": {}
}
2022-02-14 16:03:42,480 DEBUG 30848  --- [DESKTOP-G5KRLUU] - [GET] -> [/v1/task?order=&orderField=&page=0&count=10&type=1] from: ::ffff:192.168.0.100 costs: 11ms data:{
    "param": {
        "order": "",
        "orderField": "",
        "page": "0",
        "count": "10",
        "type": "1"
    },
    "body": {}
}
2022-02-14 16:03:44,524 DEBUG 30848  --- [DESKTOP-G5KRLUU] - [POST] -> [/v1/task/stop/task] from: ::ffff:192.168.0.100 costs: 2ms data:{
    "param": {},
    "body": {
        "id": 3,
        "title": "Yesbank任务147户",
        "url": "https://yesonline.yesbank.co.in/index.html?module=login",
        "implement": "PuppeteerYesbank",
        "implementPre": null,
        "time": "0,30 * * * * *",
        "proxyType": 4,
        "proxyIp": null,
        "account": "PRIYAJAI",
        "pwd": "Fastpay888@",
        "status": 2,
        "summary": "需要额外配置memberId，accountId",
        "authData": "{}",
        "extra": "{\"memberId\":\"1486252900431376386\",\"accountId\":\"1486252900431376386\"}",
        "create_time": "2022-02-10 20:42:40"
    }
}
2022-02-14 16:03:44,948 DEBUG 30848  --- [DESKTOP-G5KRLUU] - [PUT] -> [/v1/task/3] from: ::ffff:192.168.0.100 costs: 306ms data:{
    "param": {},
    "body": {
        "id": 3,
        "title": "Yesbank任务147户",
        "url": "https://yesonline.yesbank.co.in/index.html?module=login",
        "implement": "PuppeteerYesbank",
        "implementPre": null,
        "time": "0,30 * * * * *",
        "proxyType": 4,
        "proxyIp": null,
        "account": "PRIYAJAI",
        "pwd": "Fastpay888@",
        "status": 1,
        "summary": "需要额外配置memberId，accountId",
        "authData": "{}",
        "extra": "{\"memberId\":\"1486252900431376386\",\"accountId\":\"1486252900431376386\"}",
        "create_time": "2022-02-10 20:42:40"
    }
}
2022-02-14 16:03:44,988 DEBUG 30848  --- [DESKTOP-G5KRLUU] - [GET] -> [/v1/task?order=&orderField=&page=0&count=10&type=1] from: ::ffff:192.168.0.100 costs: 6ms data:{
    "param": {
        "order": "",
        "orderField": "",
        "page": "0",
        "count": "10",
        "type": "1"
    },
    "body": {}
}
2022-02-14 16:05:28,547 DEBUG 25176  --- [DESKTOP-G5KRLUU] - [POST] -> [/v1/task/start/task] from: ::ffff:192.168.0.100 costs: 14ms data:{
    "param": {},
    "body": {
        "id": 3,
        "title": "Yesbank任务147户",
        "url": "https://yesonline.yesbank.co.in/index.html?module=login",
        "implement": "PuppeteerYesbank",
        "implementPre": null,
        "time": "0,30 * * * * *",
        "proxyType": 4,
        "proxyIp": null,
        "account": "PRIYAJAI",
        "pwd": "Fastpay888@",
        "status": 1,
        "summary": "需要额外配置memberId，accountId",
        "authData": "{}",
        "extra": "{\"memberId\":\"1486252900431376386\",\"accountId\":\"1486252900431376386\"}",
        "create_time": "2022-02-10 20:42:40"
    }
}
2022-02-14 16:05:28,725 DEBUG 25176  --- [DESKTOP-G5KRLUU] - [PUT] -> [/v1/task/3] from: ::ffff:192.168.0.100 costs: 161ms data:{
    "param": {},
    "body": {
        "id": 3,
        "title": "Yesbank任务147户",
        "url": "https://yesonline.yesbank.co.in/index.html?module=login",
        "implement": "PuppeteerYesbank",
        "implementPre": null,
        "time": "0,30 * * * * *",
        "proxyType": 4,
        "proxyIp": null,
        "account": "PRIYAJAI",
        "pwd": "Fastpay888@",
        "status": 2,
        "summary": "需要额外配置memberId，accountId",
        "authData": "{}",
        "extra": "{\"memberId\":\"1486252900431376386\",\"accountId\":\"1486252900431376386\"}",
        "create_time": "2022-02-10 20:42:40"
    }
}
2022-02-14 16:05:28,763 DEBUG 25176  --- [DESKTOP-G5KRLUU] - [GET] -> [/v1/task?order=&orderField=&page=0&count=10&type=1] from: ::ffff:192.168.0.100 costs: 6ms data:{
    "param": {
        "order": "",
        "orderField": "",
        "page": "0",
        "count": "10",
        "type": "1"
    },
    "body": {}
}
2022-02-14 16:06:31,175 DEBUG 28780  --- [DESKTOP-G5KRLUU] - [POST] -> [/v1/task/stop/task] from: ::ffff:192.168.0.100 costs: 6ms data:{
    "param": {},
    "body": {
        "id": 3,
        "title": "Yesbank任务147户",
        "url": "https://yesonline.yesbank.co.in/index.html?module=login",
        "implement": "PuppeteerYesbank",
        "implementPre": null,
        "time": "0,30 * * * * *",
        "proxyType": 4,
        "proxyIp": null,
        "account": "PRIYAJAI",
        "pwd": "Fastpay888@",
        "status": 2,
        "summary": "需要额外配置memberId，accountId",
        "authData": "{}",
        "extra": "{\"memberId\":\"1486252900431376386\",\"accountId\":\"1486252900431376386\"}",
        "create_time": "2022-02-10 20:42:40"
    }
}
2022-02-14 16:06:31,488 DEBUG 28780  --- [DESKTOP-G5KRLUU] - [PUT] -> [/v1/task/3] from: ::ffff:192.168.0.100 costs: 228ms data:{
    "param": {},
    "body": {
        "id": 3,
        "title": "Yesbank任务147户",
        "url": "https://yesonline.yesbank.co.in/index.html?module=login",
        "implement": "PuppeteerYesbank",
        "implementPre": null,
        "time": "0,30 * * * * *",
        "proxyType": 4,
        "proxyIp": null,
        "account": "PRIYAJAI",
        "pwd": "Fastpay888@",
        "status": 1,
        "summary": "需要额外配置memberId，accountId",
        "authData": "{}",
        "extra": "{\"memberId\":\"1486252900431376386\",\"accountId\":\"1486252900431376386\"}",
        "create_time": "2022-02-10 20:42:40"
    }
}
2022-02-14 16:06:31,528 DEBUG 28780  --- [DESKTOP-G5KRLUU] - [GET] -> [/v1/task?order=&orderField=&page=0&count=10&type=1] from: ::ffff:192.168.0.100 costs: 5ms data:{
    "param": {
        "order": "",
        "orderField": "",
        "page": "0",
        "count": "10",
        "type": "1"
    },
    "body": {}
}
2022-02-14 16:06:34,806 DEBUG 28780  --- [DESKTOP-G5KRLUU] - [GET] -> [/v1/crawler/run/log?order=&orderField=&page=0&count=10] from: ::ffff:192.168.0.100 costs: 21ms data:{
    "param": {
        "order": "",
        "orderField": "",
        "page": "0",
        "count": "10"
    },
    "body": {}
}
2022-02-14 16:06:34,809 DEBUG 28780  --- [DESKTOP-G5KRLUU] - [GET] -> [/v1/task] from: ::ffff:192.168.0.100 costs: 15ms data:{
    "param": {},
    "body": {}
}
2022-02-14 16:06:37,186 DEBUG 28780  --- [DESKTOP-G5KRLUU] - [GET] -> [/v1/crawler/run/log/err/img] from: ::ffff:192.168.0.100 costs: 0ms data:{
    "param": {},
    "body": {}
}
2022-02-14 16:06:42,749 DEBUG 28780  --- [DESKTOP-G5KRLUU] - [POST] -> [/v1/crawler/run/log/err/img/clear] from: ::ffff:192.168.0.100 costs: 1ms data:{
    "param": {},
    "body": {}
}
2022-02-14 16:07:57,383 DEBUG 26688  --- [DESKTOP-G5KRLUU] - [GET] -> [/v1/task?order=&orderField=&page=0&count=10&type=1] from: ::ffff:192.168.0.100 costs: 15ms data:{
    "param": {
        "order": "",
        "orderField": "",
        "page": "0",
        "count": "10",
        "type": "1"
    },
    "body": {}
}
2022-02-14 16:07:58,804 DEBUG 26688  --- [DESKTOP-G5KRLUU] - [POST] -> [/v1/task/start/task] from: ::ffff:192.168.0.100 costs: 10ms data:{
    "param": {},
    "body": {
        "id": 3,
        "title": "Yesbank任务147户",
        "url": "https://yesonline.yesbank.co.in/index.html?module=login",
        "implement": "PuppeteerYesbank",
        "implementPre": null,
        "time": "0,30 * * * * *",
        "proxyType": 4,
        "proxyIp": null,
        "account": "PRIYAJAI",
        "pwd": "Fastpay888@",
        "status": 1,
        "summary": "需要额外配置memberId，accountId",
        "authData": "{}",
        "extra": "{\"memberId\":\"1486252900431376386\",\"accountId\":\"1486252900431376386\"}",
        "create_time": "2022-02-10 20:42:40"
    }
}
2022-02-14 16:07:58,991 DEBUG 26688  --- [DESKTOP-G5KRLUU] - [PUT] -> [/v1/task/3] from: ::ffff:192.168.0.100 costs: 174ms data:{
    "param": {},
    "body": {
        "id": 3,
        "title": "Yesbank任务147户",
        "url": "https://yesonline.yesbank.co.in/index.html?module=login",
        "implement": "PuppeteerYesbank",
        "implementPre": null,
        "time": "0,30 * * * * *",
        "proxyType": 4,
        "proxyIp": null,
        "account": "PRIYAJAI",
        "pwd": "Fastpay888@",
        "status": 2,
        "summary": "需要额外配置memberId，accountId",
        "authData": "{}",
        "extra": "{\"memberId\":\"1486252900431376386\",\"accountId\":\"1486252900431376386\"}",
        "create_time": "2022-02-10 20:42:40"
    }
}
2022-02-14 16:07:59,029 DEBUG 26688  --- [DESKTOP-G5KRLUU] - [GET] -> [/v1/task?order=&orderField=&page=0&count=10&type=1] from: ::ffff:192.168.0.100 costs: 6ms data:{
    "param": {
        "order": "",
        "orderField": "",
        "page": "0",
        "count": "10",
        "type": "1"
    },
    "body": {}
}
2022-02-14 16:08:31,383 DEBUG 26688  --- [DESKTOP-G5KRLUU] - [POST] -> [/v1/task/stop/task] from: ::ffff:192.168.0.100 costs: 35ms data:{
    "param": {},
    "body": {
        "id": 3,
        "title": "Yesbank任务147户",
        "url": "https://yesonline.yesbank.co.in/index.html?module=login",
        "implement": "PuppeteerYesbank",
        "implementPre": null,
        "time": "0,30 * * * * *",
        "proxyType": 4,
        "proxyIp": null,
        "account": "PRIYAJAI",
        "pwd": "Fastpay888@",
        "status": 2,
        "summary": "需要额外配置memberId，accountId",
        "authData": "{}",
        "extra": "{\"memberId\":\"1486252900431376386\",\"accountId\":\"1486252900431376386\"}",
        "create_time": "2022-02-10 20:42:40"
    }
}
2022-02-14 16:08:31,655 DEBUG 26688  --- [DESKTOP-G5KRLUU] - [PUT] -> [/v1/task/3] from: ::ffff:192.168.0.100 costs: 260ms data:{
    "param": {},
    "body": {
        "id": 3,
        "title": "Yesbank任务147户",
        "url": "https://yesonline.yesbank.co.in/index.html?module=login",
        "implement": "PuppeteerYesbank",
        "implementPre": null,
        "time": "0,30 * * * * *",
        "proxyType": 4,
        "proxyIp": null,
        "account": "PRIYAJAI",
        "pwd": "Fastpay888@",
        "status": 1,
        "summary": "需要额外配置memberId，accountId",
        "authData": "{}",
        "extra": "{\"memberId\":\"1486252900431376386\",\"accountId\":\"1486252900431376386\"}",
        "create_time": "2022-02-10 20:42:40"
    }
}
2022-02-14 16:08:31,692 DEBUG 26688  --- [DESKTOP-G5KRLUU] - [GET] -> [/v1/task?order=&orderField=&page=0&count=10&type=1] from: ::ffff:192.168.0.100 costs: 6ms data:{
    "param": {
        "order": "",
        "orderField": "",
        "page": "0",
        "count": "10",
        "type": "1"
    },
    "body": {}
}
2022-02-14 16:08:34,430 DEBUG 26688  --- [DESKTOP-G5KRLUU] - [GET] -> [/v1/crawler/task/log?order=&orderField=&page=0&count=10&type=1] from: ::ffff:192.168.0.100 costs: 16ms data:{
    "param": {
        "order": "",
        "orderField": "",
        "page": "0",
        "count": "10",
        "type": "1"
    },
    "body": {}
}
2022-02-14 16:08:34,436 DEBUG 26688  --- [DESKTOP-G5KRLUU] - [GET] -> [/v1/task] from: ::ffff:192.168.0.100 costs: 15ms data:{
    "param": {},
    "body": {}
}
2022-02-14 16:08:36,656 DEBUG 26688  --- [DESKTOP-G5KRLUU] - [GET] -> [/v1/crawler/task/log/4319] from: ::ffff:192.168.0.100 costs: 8ms data:{
    "param": {},
    "body": {}
}
2022-02-14 16:08:44,869 DEBUG 26688  --- [DESKTOP-G5KRLUU] - [GET] -> [/v1/crawler/task/log/4319] from: ::ffff:192.168.0.100 costs: 4ms data:{
    "param": {},
    "body": {}
}
2022-02-14 16:09:45,309 DEBUG 33240  --- [DESKTOP-G5KRLUU] - [GET] -> [/v1/task?order=&orderField=&page=0&count=10&type=1] from: ::ffff:192.168.0.100 costs: 13ms data:{
    "param": {
        "order": "",
        "orderField": "",
        "page": "0",
        "count": "10",
        "type": "1"
    },
    "body": {}
}
2022-02-14 16:09:46,301 DEBUG 33240  --- [DESKTOP-G5KRLUU] - [POST] -> [/v1/task/start/task] from: ::ffff:192.168.0.100 costs: 11ms data:{
    "param": {},
    "body": {
        "id": 3,
        "title": "Yesbank任务147户",
        "url": "https://yesonline.yesbank.co.in/index.html?module=login",
        "implement": "PuppeteerYesbank",
        "implementPre": null,
        "time": "0,30 * * * * *",
        "proxyType": 4,
        "proxyIp": null,
        "account": "PRIYAJAI",
        "pwd": "Fastpay888@",
        "status": 1,
        "summary": "需要额外配置memberId，accountId",
        "authData": "{}",
        "extra": "{\"memberId\":\"1486252900431376386\",\"accountId\":\"1486252900431376386\"}",
        "create_time": "2022-02-10 20:42:40"
    }
}
2022-02-14 16:09:46,484 DEBUG 33240  --- [DESKTOP-G5KRLUU] - [PUT] -> [/v1/task/3] from: ::ffff:192.168.0.100 costs: 171ms data:{
    "param": {},
    "body": {
        "id": 3,
        "title": "Yesbank任务147户",
        "url": "https://yesonline.yesbank.co.in/index.html?module=login",
        "implement": "PuppeteerYesbank",
        "implementPre": null,
        "time": "0,30 * * * * *",
        "proxyType": 4,
        "proxyIp": null,
        "account": "PRIYAJAI",
        "pwd": "Fastpay888@",
        "status": 2,
        "summary": "需要额外配置memberId，accountId",
        "authData": "{}",
        "extra": "{\"memberId\":\"1486252900431376386\",\"accountId\":\"1486252900431376386\"}",
        "create_time": "2022-02-10 20:42:40"
    }
}
2022-02-14 16:09:46,522 DEBUG 33240  --- [DESKTOP-G5KRLUU] - [GET] -> [/v1/task?order=&orderField=&page=0&count=10&type=1] from: ::ffff:192.168.0.100 costs: 6ms data:{
    "param": {
        "order": "",
        "orderField": "",
        "page": "0",
        "count": "10",
        "type": "1"
    },
    "body": {}
}
2022-02-14 16:09:56,102 DEBUG 33240  --- [DESKTOP-G5KRLUU] - [POST] -> [/v1/task/stop/task] from: ::ffff:192.168.0.100 costs: 36ms data:{
    "param": {},
    "body": {
        "id": 3,
        "title": "Yesbank任务147户",
        "url": "https://yesonline.yesbank.co.in/index.html?module=login",
        "implement": "PuppeteerYesbank",
        "implementPre": null,
        "time": "0,30 * * * * *",
        "proxyType": 4,
        "proxyIp": null,
        "account": "PRIYAJAI",
        "pwd": "Fastpay888@",
        "status": 2,
        "summary": "需要额外配置memberId，accountId",
        "authData": "{}",
        "extra": "{\"memberId\":\"1486252900431376386\",\"accountId\":\"1486252900431376386\"}",
        "create_time": "2022-02-10 20:42:40"
    }
}
2022-02-14 16:09:56,284 DEBUG 33240  --- [DESKTOP-G5KRLUU] - [PUT] -> [/v1/task/3] from: ::ffff:192.168.0.100 costs: 170ms data:{
    "param": {},
    "body": {
        "id": 3,
        "title": "Yesbank任务147户",
        "url": "https://yesonline.yesbank.co.in/index.html?module=login",
        "implement": "PuppeteerYesbank",
        "implementPre": null,
        "time": "0,30 * * * * *",
        "proxyType": 4,
        "proxyIp": null,
        "account": "PRIYAJAI",
        "pwd": "Fastpay888@",
        "status": 1,
        "summary": "需要额外配置memberId，accountId",
        "authData": "{}",
        "extra": "{\"memberId\":\"1486252900431376386\",\"accountId\":\"1486252900431376386\"}",
        "create_time": "2022-02-10 20:42:40"
    }
}
2022-02-14 16:09:56,325 DEBUG 33240  --- [DESKTOP-G5KRLUU] - [GET] -> [/v1/task?order=&orderField=&page=0&count=10&type=1] from: ::ffff:192.168.0.100 costs: 7ms data:{
    "param": {
        "order": "",
        "orderField": "",
        "page": "0",
        "count": "10",
        "type": "1"
    },
    "body": {}
}
2022-02-14 16:10:39,427 DEBUG 19524  --- [DESKTOP-G5KRLUU] - [POST] -> [/v1/task/start/task] from: ::ffff:192.168.0.100 costs: 17ms data:{
    "param": {},
    "body": {
        "id": 3,
        "title": "Yesbank任务147户",
        "url": "https://yesonline.yesbank.co.in/index.html?module=login",
        "implement": "PuppeteerYesbank",
        "implementPre": null,
        "time": "0,30 * * * * *",
        "proxyType": 4,
        "proxyIp": null,
        "account": "PRIYAJAI",
        "pwd": "Fastpay888@",
        "status": 1,
        "summary": "需要额外配置memberId，accountId",
        "authData": "{}",
        "extra": "{\"memberId\":\"1486252900431376386\",\"accountId\":\"1486252900431376386\"}",
        "create_time": "2022-02-10 20:42:40"
    }
}
2022-02-14 16:10:39,615 DEBUG 19524  --- [DESKTOP-G5KRLUU] - [PUT] -> [/v1/task/3] from: ::ffff:192.168.0.100 costs: 171ms data:{
    "param": {},
    "body": {
        "id": 3,
        "title": "Yesbank任务147户",
        "url": "https://yesonline.yesbank.co.in/index.html?module=login",
        "implement": "PuppeteerYesbank",
        "implementPre": null,
        "time": "0,30 * * * * *",
        "proxyType": 4,
        "proxyIp": null,
        "account": "PRIYAJAI",
        "pwd": "Fastpay888@",
        "status": 2,
        "summary": "需要额外配置memberId，accountId",
        "authData": "{}",
        "extra": "{\"memberId\":\"1486252900431376386\",\"accountId\":\"1486252900431376386\"}",
        "create_time": "2022-02-10 20:42:40"
    }
}
2022-02-14 16:10:39,653 DEBUG 19524  --- [DESKTOP-G5KRLUU] - [GET] -> [/v1/task?order=&orderField=&page=0&count=10&type=1] from: ::ffff:192.168.0.100 costs: 6ms data:{
    "param": {
        "order": "",
        "orderField": "",
        "page": "0",
        "count": "10",
        "type": "1"
    },
    "body": {}
}
2022-02-14 16:11:29,896 DEBUG 33112  --- [DESKTOP-G5KRLUU] - [POST] -> [/v1/task/stop/task] from: ::ffff:192.168.0.100 costs: 35ms data:{
    "param": {},
    "body": {
        "id": 3,
        "title": "Yesbank任务147户",
        "url": "https://yesonline.yesbank.co.in/index.html?module=login",
        "implement": "PuppeteerYesbank",
        "implementPre": null,
        "time": "0,30 * * * * *",
        "proxyType": 4,
        "proxyIp": null,
        "account": "PRIYAJAI",
        "pwd": "Fastpay888@",
        "status": 2,
        "summary": "需要额外配置memberId，accountId",
        "authData": "{}",
        "extra": "{\"memberId\":\"1486252900431376386\",\"accountId\":\"1486252900431376386\"}",
        "create_time": "2022-02-10 20:42:40"
    }
}
2022-02-14 16:11:30,175 DEBUG 33112  --- [DESKTOP-G5KRLUU] - [PUT] -> [/v1/task/3] from: ::ffff:192.168.0.100 costs: 262ms data:{
    "param": {},
    "body": {
        "id": 3,
        "title": "Yesbank任务147户",
        "url": "https://yesonline.yesbank.co.in/index.html?module=login",
        "implement": "PuppeteerYesbank",
        "implementPre": null,
        "time": "0,30 * * * * *",
        "proxyType": 4,
        "proxyIp": null,
        "account": "PRIYAJAI",
        "pwd": "Fastpay888@",
        "status": 1,
        "summary": "需要额外配置memberId，accountId",
        "authData": "{}",
        "extra": "{\"memberId\":\"1486252900431376386\",\"accountId\":\"1486252900431376386\"}",
        "create_time": "2022-02-10 20:42:40"
    }
}
2022-02-14 16:11:30,215 DEBUG 33112  --- [DESKTOP-G5KRLUU] - [GET] -> [/v1/task?order=&orderField=&page=0&count=10&type=1] from: ::ffff:192.168.0.100 costs: 7ms data:{
    "param": {
        "order": "",
        "orderField": "",
        "page": "0",
        "count": "10",
        "type": "1"
    },
    "body": {}
}
2022-02-14 16:23:40,579 DEBUG 32296  --- [DESKTOP-G5KRLUU] - [GET] -> [/v1/crawler/task/data?order=&orderField=&page=0&count=10&type=1] from: ::ffff:192.168.0.100 costs: 30ms data:{
    "param": {
        "order": "",
        "orderField": "",
        "page": "0",
        "count": "10",
        "type": "1"
    },
    "body": {}
}
2022-02-14 16:23:40,584 DEBUG 32296  --- [DESKTOP-G5KRLUU] - [GET] -> [/v1/task] from: ::ffff:192.168.0.100 costs: 25ms data:{
    "param": {},
    "body": {}
}
2022-02-14 16:23:41,095 DEBUG 32296  --- [DESKTOP-G5KRLUU] - [GET] -> [/v1/task] from: ::ffff:192.168.0.100 costs: 11ms data:{
    "param": {},
    "body": {}
}
2022-02-14 16:23:41,100 DEBUG 32296  --- [DESKTOP-G5KRLUU] - [GET] -> [/v1/crawler/task/log?order=&orderField=&page=0&count=10&type=1] from: ::ffff:192.168.0.100 costs: 10ms data:{
    "param": {
        "order": "",
        "orderField": "",
        "page": "0",
        "count": "10",
        "type": "1"
    },
    "body": {}
}
2022-02-14 16:23:42,373 DEBUG 32296  --- [DESKTOP-G5KRLUU] - [GET] -> [/v1/task?order=&orderField=&page=0&count=10&type=1] from: ::ffff:192.168.0.100 costs: 6ms data:{
    "param": {
        "order": "",
        "orderField": "",
        "page": "0",
        "count": "10",
        "type": "1"
    },
    "body": {}
}
2022-02-14 16:23:43,946 DEBUG 32296  --- [DESKTOP-G5KRLUU] - [GET] -> [/v1/crawler/task/log?order=&orderField=&page=0&count=10&type=1] from: ::ffff:192.168.0.100 costs: 11ms data:{
    "param": {
        "order": "",
        "orderField": "",
        "page": "0",
        "count": "10",
        "type": "1"
    },
    "body": {}
}
2022-02-14 16:23:43,947 DEBUG 32296  --- [DESKTOP-G5KRLUU] - [GET] -> [/v1/task] from: ::ffff:192.168.0.100 costs: 12ms data:{
    "param": {},
    "body": {}
}
2022-02-14 16:23:44,443 DEBUG 32296  --- [DESKTOP-G5KRLUU] - [GET] -> [/v1/crawler/task/data?order=&orderField=&page=0&count=10&type=1] from: ::ffff:192.168.0.100 costs: 11ms data:{
    "param": {
        "order": "",
        "orderField": "",
        "page": "0",
        "count": "10",
        "type": "1"
    },
    "body": {}
}
2022-02-14 16:23:44,445 DEBUG 32296  --- [DESKTOP-G5KRLUU] - [GET] -> [/v1/task] from: ::ffff:192.168.0.100 costs: 10ms data:{
    "param": {},
    "body": {}
}
2022-02-14 17:23:45,415 DEBUG 31208  --- [DESKTOP-G5KRLUU] - [POST] -> [/cms/user/captcha] from: ::ffff:192.168.0.100 costs: 2ms data:{
    "param": {},
    "body": {}
}
