2022-09-19 10:42:44,181 DEBUG 2010  --- [kingdeMacBook-Pro.local] - [POST] -> [/cms/user/captcha] from: ::ffff:192.168.0.5 costs: 4ms data:{
    "param": {},
    "body": {}
}
2022-09-19 10:42:46,658 DEBUG 2010  --- [kingdeMacBook-Pro.local] - [POST] -> [/cms/user/login] from: ::ffff:192.168.0.5 costs: 25ms data:{
    "param": {},
    "body": {
        "captcha": "",
        "username": "root",
        "password": "123456"
    }
}
2022-09-19 10:42:46,703 DEBUG 2010  --- [kingdeMacBook-Pro.local] - [GET] -> [/cms/user/permissions] from: ::ffff:192.168.0.5 costs: 33ms data:{
    "param": {},
    "body": {}
}
2022-09-19 10:42:49,723 DEBUG 2010  --- [kingdeMacBook-Pro.local] - [GET] -> [/v1/sms/data?order=&orderField=&page=0&count=10] from: ::ffff:192.168.0.5 costs: 20ms data:{
    "param": {
        "order": "",
        "orderField": "",
        "page": "0",
        "count": "10"
    },
    "body": {}
}
2022-09-19 10:45:34,749 DEBUG 2010  --- [kingdeMacBook-Pro.local] - [GET] -> [/v1/sms/data?order=&orderField=&page=0&count=10] from: ::ffff:192.168.0.5 costs: 7ms data:{
    "param": {
        "order": "",
        "orderField": "",
        "page": "0",
        "count": "10"
    },
    "body": {}
}
2022-09-19 10:47:02,597 DEBUG 2010  --- [kingdeMacBook-Pro.local] - [GET] -> [/v1/sms/data?order=&orderField=&page=0&count=10] from: ::ffff:192.168.0.5 costs: 7ms data:{
    "param": {
        "order": "",
        "orderField": "",
        "page": "0",
        "count": "10"
    },
    "body": {}
}
2022-09-19 10:48:12,925 DEBUG 2010  --- [kingdeMacBook-Pro.local] - [GET] -> [/v1/sms/data?order=&orderField=&page=0&count=10] from: ::ffff:192.168.0.5 costs: 8ms data:{
    "param": {
        "order": "",
        "orderField": "",
        "page": "0",
        "count": "10"
    },
    "body": {}
}
2022-09-19 10:48:30,711 DEBUG 2010  --- [kingdeMacBook-Pro.local] - [GET] -> [/v1/sms/data?order=&orderField=&page=0&count=10] from: ::ffff:192.168.0.5 costs: 8ms data:{
    "param": {
        "order": "",
        "orderField": "",
        "page": "0",
        "count": "10"
    },
    "body": {}
}
2022-09-19 11:02:09,795 DEBUG 2010  --- [kingdeMacBook-Pro.local] - [GET] -> [/v1/sms/data?order=&orderField=&page=0&count=10] from: ::ffff:192.168.0.5 costs: 8ms data:{
    "param": {
        "order": "",
        "orderField": "",
        "page": "0",
        "count": "10"
    },
    "body": {}
}
2022-09-19 11:04:00,209 DEBUG 2010  --- [kingdeMacBook-Pro.local] - [GET] -> [/v1/sms/data?order=&orderField=&page=0&count=10] from: ::ffff:192.168.0.5 costs: 9ms data:{
    "param": {
        "order": "",
        "orderField": "",
        "page": "0",
        "count": "10"
    },
    "body": {}
}
2022-09-19 11:04:24,286 DEBUG 2010  --- [kingdeMacBook-Pro.local] - [GET] -> [/v1/sms/data?order=&orderField=&page=0&count=10] from: ::ffff:192.168.0.5 costs: 11ms data:{
    "param": {
        "order": "",
        "orderField": "",
        "page": "0",
        "count": "10"
    },
    "body": {}
}
2022-09-19 11:05:22,878 DEBUG 2010  --- [kingdeMacBook-Pro.local] - [GET] -> [/v1/sms/data?order=&orderField=&page=0&count=10] from: ::ffff:192.168.0.5 costs: 8ms data:{
    "param": {
        "order": "",
        "orderField": "",
        "page": "0",
        "count": "10"
    },
    "body": {}
}
2022-09-19 11:06:09,358 DEBUG 2010  --- [kingdeMacBook-Pro.local] - [GET] -> [/v1/sms/data?order=&orderField=&page=0&count=10] from: ::ffff:192.168.0.5 costs: 17ms data:{
    "param": {
        "order": "",
        "orderField": "",
        "page": "0",
        "count": "10"
    },
    "body": {}
}
2022-09-19 11:06:29,612 DEBUG 2010  --- [kingdeMacBook-Pro.local] - [GET] -> [/v1/sms/data?order=&orderField=&page=0&count=10&filterType=] from: ::ffff:192.168.0.5 costs: 8ms data:{
    "param": {
        "order": "",
        "orderField": "",
        "page": "0",
        "count": "10",
        "filterType": ""
    },
    "body": {}
}
2022-09-19 11:06:32,605 DEBUG 2010  --- [kingdeMacBook-Pro.local] - [GET] -> [/v1/sms/data?order=&orderField=&page=0&count=10&filterType=] from: ::ffff:192.168.0.5 costs: 4ms data:{
    "param": {
        "order": "",
        "orderField": "",
        "page": "0",
        "count": "10",
        "filterType": ""
    },
    "body": {}
}
2022-09-19 11:06:35,600 DEBUG 2010  --- [kingdeMacBook-Pro.local] - [GET] -> [/v1/sms/data?order=&orderField=&page=0&count=10&filterType=Otp] from: ::ffff:192.168.0.5 costs: 4ms data:{
    "param": {
        "order": "",
        "orderField": "",
        "page": "0",
        "count": "10",
        "filterType": "Otp"
    },
    "body": {}
}
2022-09-19 11:06:38,603 DEBUG 2010  --- [kingdeMacBook-Pro.local] - [GET] -> [/v1/sms/data?order=&orderField=&page=0&count=10&filterType=Otp] from: ::ffff:192.168.0.5 costs: 5ms data:{
    "param": {
        "order": "",
        "orderField": "",
        "page": "0",
        "count": "10",
        "filterType": "Otp"
    },
    "body": {}
}
2022-09-19 11:06:41,601 DEBUG 2010  --- [kingdeMacBook-Pro.local] - [GET] -> [/v1/sms/data?order=&orderField=&page=0&count=10&filterType=] from: ::ffff:192.168.0.5 costs: 4ms data:{
    "param": {
        "order": "",
        "orderField": "",
        "page": "0",
        "count": "10",
        "filterType": ""
    },
    "body": {}
}
2022-09-19 11:06:44,607 DEBUG 2010  --- [kingdeMacBook-Pro.local] - [GET] -> [/v1/sms/data?order=&orderField=&page=0&count=10&filterType=] from: ::ffff:192.168.0.5 costs: 4ms data:{
    "param": {
        "order": "",
        "orderField": "",
        "page": "0",
        "count": "10",
        "filterType": ""
    },
    "body": {}
}
2022-09-19 11:06:47,602 DEBUG 2010  --- [kingdeMacBook-Pro.local] - [GET] -> [/v1/sms/data?order=&orderField=&page=0&count=10&filterType=] from: ::ffff:192.168.0.5 costs: 4ms data:{
    "param": {
        "order": "",
        "orderField": "",
        "page": "0",
        "count": "10",
        "filterType": ""
    },
    "body": {}
}
2022-09-19 11:06:50,608 DEBUG 2010  --- [kingdeMacBook-Pro.local] - [GET] -> [/v1/sms/data?order=&orderField=&page=0&count=10&filterType=] from: ::ffff:192.168.0.5 costs: 5ms data:{
    "param": {
        "order": "",
        "orderField": "",
        "page": "0",
        "count": "10",
        "filterType": ""
    },
    "body": {}
}
2022-09-19 11:06:53,601 DEBUG 2010  --- [kingdeMacBook-Pro.local] - [GET] -> [/v1/sms/data?order=&orderField=&page=0&count=10&filterType=] from: ::ffff:192.168.0.5 costs: 4ms data:{
    "param": {
        "order": "",
        "orderField": "",
        "page": "0",
        "count": "10",
        "filterType": ""
    },
    "body": {}
}
2022-09-19 11:06:56,608 DEBUG 2010  --- [kingdeMacBook-Pro.local] - [GET] -> [/v1/sms/data?order=&orderField=&page=0&count=10&filterType=] from: ::ffff:192.168.0.5 costs: 7ms data:{
    "param": {
        "order": "",
        "orderField": "",
        "page": "0",
        "count": "10",
        "filterType": ""
    },
    "body": {}
}
2022-09-19 11:06:59,602 DEBUG 2010  --- [kingdeMacBook-Pro.local] - [GET] -> [/v1/sms/data?order=&orderField=&page=0&count=10&filterType=] from: ::ffff:192.168.0.5 costs: 4ms data:{
    "param": {
        "order": "",
        "orderField": "",
        "page": "0",
        "count": "10",
        "filterType": ""
    },
    "body": {}
}
2022-09-19 11:07:02,616 DEBUG 2010  --- [kingdeMacBook-Pro.local] - [GET] -> [/v1/sms/data?order=&orderField=&page=0&count=10&filterType=] from: ::ffff:192.168.0.5 costs: 4ms data:{
    "param": {
        "order": "",
        "orderField": "",
        "page": "0",
        "count": "10",
        "filterType": ""
    },
    "body": {}
}
2022-09-19 11:07:05,598 DEBUG 2010  --- [kingdeMacBook-Pro.local] - [GET] -> [/v1/sms/data?order=&orderField=&page=0&count=10&filterType=] from: ::ffff:192.168.0.5 costs: 3ms data:{
    "param": {
        "order": "",
        "orderField": "",
        "page": "0",
        "count": "10",
        "filterType": ""
    },
    "body": {}
}
2022-09-19 11:07:08,603 DEBUG 2010  --- [kingdeMacBook-Pro.local] - [GET] -> [/v1/sms/data?order=&orderField=&page=0&count=10&filterType=] from: ::ffff:192.168.0.5 costs: 3ms data:{
    "param": {
        "order": "",
        "orderField": "",
        "page": "0",
        "count": "10",
        "filterType": ""
    },
    "body": {}
}
2022-09-19 11:07:11,603 DEBUG 2010  --- [kingdeMacBook-Pro.local] - [GET] -> [/v1/sms/data?order=&orderField=&page=0&count=10&filterType=] from: ::ffff:192.168.0.5 costs: 4ms data:{
    "param": {
        "order": "",
        "orderField": "",
        "page": "0",
        "count": "10",
        "filterType": ""
    },
    "body": {}
}
2022-09-19 11:07:14,606 DEBUG 2010  --- [kingdeMacBook-Pro.local] - [GET] -> [/v1/sms/data?order=&orderField=&page=0&count=10&filterType=] from: ::ffff:192.168.0.5 costs: 4ms data:{
    "param": {
        "order": "",
        "orderField": "",
        "page": "0",
        "count": "10",
        "filterType": ""
    },
    "body": {}
}
2022-09-19 11:07:17,604 DEBUG 2010  --- [kingdeMacBook-Pro.local] - [GET] -> [/v1/sms/data?order=&orderField=&page=0&count=10&filterType=] from: ::ffff:192.168.0.5 costs: 4ms data:{
    "param": {
        "order": "",
        "orderField": "",
        "page": "0",
        "count": "10",
        "filterType": ""
    },
    "body": {}
}
2022-09-19 11:07:20,608 DEBUG 2010  --- [kingdeMacBook-Pro.local] - [GET] -> [/v1/sms/data?order=&orderField=&page=0&count=10&filterType=] from: ::ffff:192.168.0.5 costs: 5ms data:{
    "param": {
        "order": "",
        "orderField": "",
        "page": "0",
        "count": "10",
        "filterType": ""
    },
    "body": {}
}
2022-09-19 11:07:23,605 DEBUG 2010  --- [kingdeMacBook-Pro.local] - [GET] -> [/v1/sms/data?order=&orderField=&page=0&count=10&filterType=] from: ::ffff:192.168.0.5 costs: 6ms data:{
    "param": {
        "order": "",
        "orderField": "",
        "page": "0",
        "count": "10",
        "filterType": ""
    },
    "body": {}
}
2022-09-19 11:07:26,180 DEBUG 2010  --- [kingdeMacBook-Pro.local] - [GET] -> [/v1/sms/data?order=&orderField=&page=0&count=10] from: ::ffff:192.168.0.5 costs: 5ms data:{
    "param": {
        "order": "",
        "orderField": "",
        "page": "0",
        "count": "10"
    },
    "body": {}
}
2022-09-19 11:07:26,601 DEBUG 2010  --- [kingdeMacBook-Pro.local] - [GET] -> [/v1/sms/data?order=&orderField=&page=0&count=10&filterType=] from: ::ffff:192.168.0.5 costs: 4ms data:{
    "param": {
        "order": "",
        "orderField": "",
        "page": "0",
        "count": "10",
        "filterType": ""
    },
    "body": {}
}
2022-09-19 11:07:29,598 DEBUG 2010  --- [kingdeMacBook-Pro.local] - [GET] -> [/v1/sms/data?order=&orderField=&page=0&count=10&filterType=] from: ::ffff:192.168.0.5 costs: 4ms data:{
    "param": {
        "order": "",
        "orderField": "",
        "page": "0",
        "count": "10",
        "filterType": ""
    },
    "body": {}
}
2022-09-19 11:07:32,607 DEBUG 2010  --- [kingdeMacBook-Pro.local] - [GET] -> [/v1/sms/data?order=&orderField=&page=0&count=10&filterType=] from: ::ffff:192.168.0.5 costs: 4ms data:{
    "param": {
        "order": "",
        "orderField": "",
        "page": "0",
        "count": "10",
        "filterType": ""
    },
    "body": {}
}
2022-09-19 11:07:35,601 DEBUG 2010  --- [kingdeMacBook-Pro.local] - [GET] -> [/v1/sms/data?order=&orderField=&page=0&count=10&filterType=] from: ::ffff:192.168.0.5 costs: 6ms data:{
    "param": {
        "order": "",
        "orderField": "",
        "page": "0",
        "count": "10",
        "filterType": ""
    },
    "body": {}
}
2022-09-19 11:07:38,608 DEBUG 2010  --- [kingdeMacBook-Pro.local] - [GET] -> [/v1/sms/data?order=&orderField=&page=0&count=10&filterType=] from: ::ffff:192.168.0.5 costs: 5ms data:{
    "param": {
        "order": "",
        "orderField": "",
        "page": "0",
        "count": "10",
        "filterType": ""
    },
    "body": {}
}
2022-09-19 11:07:41,601 DEBUG 2010  --- [kingdeMacBook-Pro.local] - [GET] -> [/v1/sms/data?order=&orderField=&page=0&count=10&filterType=] from: ::ffff:192.168.0.5 costs: 4ms data:{
    "param": {
        "order": "",
        "orderField": "",
        "page": "0",
        "count": "10",
        "filterType": ""
    },
    "body": {}
}
2022-09-19 11:07:44,620 DEBUG 2010  --- [kingdeMacBook-Pro.local] - [GET] -> [/v1/sms/data?order=&orderField=&page=0&count=10&filterType=] from: ::ffff:192.168.0.5 costs: 5ms data:{
    "param": {
        "order": "",
        "orderField": "",
        "page": "0",
        "count": "10",
        "filterType": ""
    },
    "body": {}
}
2022-09-19 11:07:47,601 DEBUG 2010  --- [kingdeMacBook-Pro.local] - [GET] -> [/v1/sms/data?order=&orderField=&page=0&count=10&filterType=] from: ::ffff:192.168.0.5 costs: 4ms data:{
    "param": {
        "order": "",
        "orderField": "",
        "page": "0",
        "count": "10",
        "filterType": ""
    },
    "body": {}
}
2022-09-19 11:07:50,624 DEBUG 2010  --- [kingdeMacBook-Pro.local] - [GET] -> [/v1/sms/data?order=&orderField=&page=0&count=10&filterType=] from: ::ffff:192.168.0.5 costs: 4ms data:{
    "param": {
        "order": "",
        "orderField": "",
        "page": "0",
        "count": "10",
        "filterType": ""
    },
    "body": {}
}
2022-09-19 11:07:53,601 DEBUG 2010  --- [kingdeMacBook-Pro.local] - [GET] -> [/v1/sms/data?order=&orderField=&page=0&count=10&filterType=] from: ::ffff:192.168.0.5 costs: 4ms data:{
    "param": {
        "order": "",
        "orderField": "",
        "page": "0",
        "count": "10",
        "filterType": ""
    },
    "body": {}
}
2022-09-19 11:07:56,619 DEBUG 2010  --- [kingdeMacBook-Pro.local] - [GET] -> [/v1/sms/data?order=&orderField=&page=0&count=10&filterType=] from: ::ffff:192.168.0.5 costs: 4ms data:{
    "param": {
        "order": "",
        "orderField": "",
        "page": "0",
        "count": "10",
        "filterType": ""
    },
    "body": {}
}
2022-09-19 11:07:59,601 DEBUG 2010  --- [kingdeMacBook-Pro.local] - [GET] -> [/v1/sms/data?order=&orderField=&page=0&count=10&filterType=] from: ::ffff:192.168.0.5 costs: 4ms data:{
    "param": {
        "order": "",
        "orderField": "",
        "page": "0",
        "count": "10",
        "filterType": ""
    },
    "body": {}
}
2022-09-19 11:08:02,621 DEBUG 2010  --- [kingdeMacBook-Pro.local] - [GET] -> [/v1/sms/data?order=&orderField=&page=0&count=10&filterType=] from: ::ffff:192.168.0.5 costs: 4ms data:{
    "param": {
        "order": "",
        "orderField": "",
        "page": "0",
        "count": "10",
        "filterType": ""
    },
    "body": {}
}
2022-09-19 11:08:05,602 DEBUG 2010  --- [kingdeMacBook-Pro.local] - [GET] -> [/v1/sms/data?order=&orderField=&page=0&count=10&filterType=] from: ::ffff:192.168.0.5 costs: 5ms data:{
    "param": {
        "order": "",
        "orderField": "",
        "page": "0",
        "count": "10",
        "filterType": ""
    },
    "body": {}
}
2022-09-19 11:08:08,621 DEBUG 2010  --- [kingdeMacBook-Pro.local] - [GET] -> [/v1/sms/data?order=&orderField=&page=0&count=10&filterType=] from: ::ffff:192.168.0.5 costs: 5ms data:{
    "param": {
        "order": "",
        "orderField": "",
        "page": "0",
        "count": "10",
        "filterType": ""
    },
    "body": {}
}
2022-09-19 11:08:11,603 DEBUG 2010  --- [kingdeMacBook-Pro.local] - [GET] -> [/v1/sms/data?order=&orderField=&page=0&count=10&filterType=] from: ::ffff:192.168.0.5 costs: 5ms data:{
    "param": {
        "order": "",
        "orderField": "",
        "page": "0",
        "count": "10",
        "filterType": ""
    },
    "body": {}
}
2022-09-19 11:08:14,619 DEBUG 2010  --- [kingdeMacBook-Pro.local] - [GET] -> [/v1/sms/data?order=&orderField=&page=0&count=10&filterType=] from: ::ffff:192.168.0.5 costs: 5ms data:{
    "param": {
        "order": "",
        "orderField": "",
        "page": "0",
        "count": "10",
        "filterType": ""
    },
    "body": {}
}
2022-09-19 11:08:17,606 DEBUG 2010  --- [kingdeMacBook-Pro.local] - [GET] -> [/v1/sms/data?order=&orderField=&page=0&count=10&filterType=] from: ::ffff:192.168.0.5 costs: 5ms data:{
    "param": {
        "order": "",
        "orderField": "",
        "page": "0",
        "count": "10",
        "filterType": ""
    },
    "body": {}
}
2022-09-19 11:08:20,623 DEBUG 2010  --- [kingdeMacBook-Pro.local] - [GET] -> [/v1/sms/data?order=&orderField=&page=0&count=10&filterType=] from: ::ffff:192.168.0.5 costs: 4ms data:{
    "param": {
        "order": "",
        "orderField": "",
        "page": "0",
        "count": "10",
        "filterType": ""
    },
    "body": {}
}
2022-09-19 11:08:23,604 DEBUG 2010  --- [kingdeMacBook-Pro.local] - [GET] -> [/v1/sms/data?order=&orderField=&page=0&count=10&filterType=] from: ::ffff:192.168.0.5 costs: 4ms data:{
    "param": {
        "order": "",
        "orderField": "",
        "page": "0",
        "count": "10",
        "filterType": ""
    },
    "body": {}
}
2022-09-19 11:08:26,625 DEBUG 2010  --- [kingdeMacBook-Pro.local] - [GET] -> [/v1/sms/data?order=&orderField=&page=0&count=10&filterType=] from: ::ffff:192.168.0.5 costs: 6ms data:{
    "param": {
        "order": "",
        "orderField": "",
        "page": "0",
        "count": "10",
        "filterType": ""
    },
    "body": {}
}
2022-09-19 11:08:29,604 DEBUG 2010  --- [kingdeMacBook-Pro.local] - [GET] -> [/v1/sms/data?order=&orderField=&page=0&count=10&filterType=] from: ::ffff:192.168.0.5 costs: 5ms data:{
    "param": {
        "order": "",
        "orderField": "",
        "page": "0",
        "count": "10",
        "filterType": ""
    },
    "body": {}
}
2022-09-19 11:08:32,620 DEBUG 2010  --- [kingdeMacBook-Pro.local] - [GET] -> [/v1/sms/data?order=&orderField=&page=0&count=10&filterType=] from: ::ffff:192.168.0.5 costs: 4ms data:{
    "param": {
        "order": "",
        "orderField": "",
        "page": "0",
        "count": "10",
        "filterType": ""
    },
    "body": {}
}
2022-09-19 11:08:35,603 DEBUG 2010  --- [kingdeMacBook-Pro.local] - [GET] -> [/v1/sms/data?order=&orderField=&page=0&count=10&filterType=] from: ::ffff:192.168.0.5 costs: 3ms data:{
    "param": {
        "order": "",
        "orderField": "",
        "page": "0",
        "count": "10",
        "filterType": ""
    },
    "body": {}
}
2022-09-19 11:08:38,622 DEBUG 2010  --- [kingdeMacBook-Pro.local] - [GET] -> [/v1/sms/data?order=&orderField=&page=0&count=10&filterType=] from: ::ffff:192.168.0.5 costs: 4ms data:{
    "param": {
        "order": "",
        "orderField": "",
        "page": "0",
        "count": "10",
        "filterType": ""
    },
    "body": {}
}
2022-09-19 11:08:41,603 DEBUG 2010  --- [kingdeMacBook-Pro.local] - [GET] -> [/v1/sms/data?order=&orderField=&page=0&count=10&filterType=] from: ::ffff:192.168.0.5 costs: 4ms data:{
    "param": {
        "order": "",
        "orderField": "",
        "page": "0",
        "count": "10",
        "filterType": ""
    },
    "body": {}
}
2022-09-19 11:08:44,612 DEBUG 2010  --- [kingdeMacBook-Pro.local] - [GET] -> [/v1/sms/data?order=&orderField=&page=0&count=10&filterType=] from: ::ffff:192.168.0.5 costs: 4ms data:{
    "param": {
        "order": "",
        "orderField": "",
        "page": "0",
        "count": "10",
        "filterType": ""
    },
    "body": {}
}
2022-09-19 11:08:47,599 DEBUG 2010  --- [kingdeMacBook-Pro.local] - [GET] -> [/v1/sms/data?order=&orderField=&page=0&count=10&filterType=] from: ::ffff:192.168.0.5 costs: 3ms data:{
    "param": {
        "order": "",
        "orderField": "",
        "page": "0",
        "count": "10",
        "filterType": ""
    },
    "body": {}
}
2022-09-19 11:08:50,615 DEBUG 2010  --- [kingdeMacBook-Pro.local] - [GET] -> [/v1/sms/data?order=&orderField=&page=0&count=10&filterType=] from: ::ffff:192.168.0.5 costs: 3ms data:{
    "param": {
        "order": "",
        "orderField": "",
        "page": "0",
        "count": "10",
        "filterType": ""
    },
    "body": {}
}
2022-09-19 11:08:53,606 DEBUG 2010  --- [kingdeMacBook-Pro.local] - [GET] -> [/v1/sms/data?order=&orderField=&page=0&count=10&filterType=] from: ::ffff:192.168.0.5 costs: 4ms data:{
    "param": {
        "order": "",
        "orderField": "",
        "page": "0",
        "count": "10",
        "filterType": ""
    },
    "body": {}
}
2022-09-19 11:08:56,620 DEBUG 2010  --- [kingdeMacBook-Pro.local] - [GET] -> [/v1/sms/data?order=&orderField=&page=0&count=10&filterType=] from: ::ffff:192.168.0.5 costs: 5ms data:{
    "param": {
        "order": "",
        "orderField": "",
        "page": "0",
        "count": "10",
        "filterType": ""
    },
    "body": {}
}
2022-09-19 11:08:59,605 DEBUG 2010  --- [kingdeMacBook-Pro.local] - [GET] -> [/v1/sms/data?order=&orderField=&page=0&count=10&filterType=] from: ::ffff:192.168.0.5 costs: 6ms data:{
    "param": {
        "order": "",
        "orderField": "",
        "page": "0",
        "count": "10",
        "filterType": ""
    },
    "body": {}
}
2022-09-19 11:09:02,626 DEBUG 2010  --- [kingdeMacBook-Pro.local] - [GET] -> [/v1/sms/data?order=&orderField=&page=0&count=10&filterType=] from: ::ffff:192.168.0.5 costs: 5ms data:{
    "param": {
        "order": "",
        "orderField": "",
        "page": "0",
        "count": "10",
        "filterType": ""
    },
    "body": {}
}
2022-09-19 11:09:05,606 DEBUG 2010  --- [kingdeMacBook-Pro.local] - [GET] -> [/v1/sms/data?order=&orderField=&page=0&count=10&filterType=] from: ::ffff:192.168.0.5 costs: 5ms data:{
    "param": {
        "order": "",
        "orderField": "",
        "page": "0",
        "count": "10",
        "filterType": ""
    },
    "body": {}
}
2022-09-19 11:09:08,622 DEBUG 2010  --- [kingdeMacBook-Pro.local] - [GET] -> [/v1/sms/data?order=&orderField=&page=0&count=10&filterType=] from: ::ffff:192.168.0.5 costs: 4ms data:{
    "param": {
        "order": "",
        "orderField": "",
        "page": "0",
        "count": "10",
        "filterType": ""
    },
    "body": {}
}
2022-09-19 11:09:11,606 DEBUG 2010  --- [kingdeMacBook-Pro.local] - [GET] -> [/v1/sms/data?order=&orderField=&page=0&count=10&filterType=] from: ::ffff:192.168.0.5 costs: 5ms data:{
    "param": {
        "order": "",
        "orderField": "",
        "page": "0",
        "count": "10",
        "filterType": ""
    },
    "body": {}
}
2022-09-19 11:09:14,625 DEBUG 2010  --- [kingdeMacBook-Pro.local] - [GET] -> [/v1/sms/data?order=&orderField=&page=0&count=10&filterType=] from: ::ffff:192.168.0.5 costs: 4ms data:{
    "param": {
        "order": "",
        "orderField": "",
        "page": "0",
        "count": "10",
        "filterType": ""
    },
    "body": {}
}
2022-09-19 11:09:17,607 DEBUG 2010  --- [kingdeMacBook-Pro.local] - [GET] -> [/v1/sms/data?order=&orderField=&page=0&count=10&filterType=] from: ::ffff:192.168.0.5 costs: 5ms data:{
    "param": {
        "order": "",
        "orderField": "",
        "page": "0",
        "count": "10",
        "filterType": ""
    },
    "body": {}
}
2022-09-19 11:09:20,625 DEBUG 2010  --- [kingdeMacBook-Pro.local] - [GET] -> [/v1/sms/data?order=&orderField=&page=0&count=10&filterType=] from: ::ffff:192.168.0.5 costs: 4ms data:{
    "param": {
        "order": "",
        "orderField": "",
        "page": "0",
        "count": "10",
        "filterType": ""
    },
    "body": {}
}
2022-09-19 11:09:23,605 DEBUG 2010  --- [kingdeMacBook-Pro.local] - [GET] -> [/v1/sms/data?order=&orderField=&page=0&count=10&filterType=] from: ::ffff:192.168.0.5 costs: 3ms data:{
    "param": {
        "order": "",
        "orderField": "",
        "page": "0",
        "count": "10",
        "filterType": ""
    },
    "body": {}
}
2022-09-19 11:09:26,626 DEBUG 2010  --- [kingdeMacBook-Pro.local] - [GET] -> [/v1/sms/data?order=&orderField=&page=0&count=10&filterType=] from: ::ffff:192.168.0.5 costs: 4ms data:{
    "param": {
        "order": "",
        "orderField": "",
        "page": "0",
        "count": "10",
        "filterType": ""
    },
    "body": {}
}
2022-09-19 11:09:29,605 DEBUG 2010  --- [kingdeMacBook-Pro.local] - [GET] -> [/v1/sms/data?order=&orderField=&page=0&count=10&filterType=] from: ::ffff:192.168.0.5 costs: 3ms data:{
    "param": {
        "order": "",
        "orderField": "",
        "page": "0",
        "count": "10",
        "filterType": ""
    },
    "body": {}
}
2022-09-19 11:09:32,623 DEBUG 2010  --- [kingdeMacBook-Pro.local] - [GET] -> [/v1/sms/data?order=&orderField=&page=0&count=10&filterType=] from: ::ffff:192.168.0.5 costs: 4ms data:{
    "param": {
        "order": "",
        "orderField": "",
        "page": "0",
        "count": "10",
        "filterType": ""
    },
    "body": {}
}
2022-09-19 11:09:35,607 DEBUG 2010  --- [kingdeMacBook-Pro.local] - [GET] -> [/v1/sms/data?order=&orderField=&page=0&count=10&filterType=] from: ::ffff:192.168.0.5 costs: 4ms data:{
    "param": {
        "order": "",
        "orderField": "",
        "page": "0",
        "count": "10",
        "filterType": ""
    },
    "body": {}
}
2022-09-19 11:09:38,618 DEBUG 2010  --- [kingdeMacBook-Pro.local] - [GET] -> [/v1/sms/data?order=&orderField=&page=0&count=10&filterType=] from: ::ffff:192.168.0.5 costs: 3ms data:{
    "param": {
        "order": "",
        "orderField": "",
        "page": "0",
        "count": "10",
        "filterType": ""
    },
    "body": {}
}
2022-09-19 11:09:41,606 DEBUG 2010  --- [kingdeMacBook-Pro.local] - [GET] -> [/v1/sms/data?order=&orderField=&page=0&count=10&filterType=] from: ::ffff:192.168.0.5 costs: 4ms data:{
    "param": {
        "order": "",
        "orderField": "",
        "page": "0",
        "count": "10",
        "filterType": ""
    },
    "body": {}
}
2022-09-19 11:09:44,626 DEBUG 2010  --- [kingdeMacBook-Pro.local] - [GET] -> [/v1/sms/data?order=&orderField=&page=0&count=10&filterType=] from: ::ffff:192.168.0.5 costs: 4ms data:{
    "param": {
        "order": "",
        "orderField": "",
        "page": "0",
        "count": "10",
        "filterType": ""
    },
    "body": {}
}
2022-09-19 11:09:47,608 DEBUG 2010  --- [kingdeMacBook-Pro.local] - [GET] -> [/v1/sms/data?order=&orderField=&page=0&count=10&filterType=] from: ::ffff:192.168.0.5 costs: 5ms data:{
    "param": {
        "order": "",
        "orderField": "",
        "page": "0",
        "count": "10",
        "filterType": ""
    },
    "body": {}
}
2022-09-19 11:09:50,627 DEBUG 2010  --- [kingdeMacBook-Pro.local] - [GET] -> [/v1/sms/data?order=&orderField=&page=0&count=10&filterType=] from: ::ffff:192.168.0.5 costs: 4ms data:{
    "param": {
        "order": "",
        "orderField": "",
        "page": "0",
        "count": "10",
        "filterType": ""
    },
    "body": {}
}
2022-09-19 11:09:53,607 DEBUG 2010  --- [kingdeMacBook-Pro.local] - [GET] -> [/v1/sms/data?order=&orderField=&page=0&count=10&filterType=] from: ::ffff:192.168.0.5 costs: 4ms data:{
    "param": {
        "order": "",
        "orderField": "",
        "page": "0",
        "count": "10",
        "filterType": ""
    },
    "body": {}
}
2022-09-19 11:09:56,627 DEBUG 2010  --- [kingdeMacBook-Pro.local] - [GET] -> [/v1/sms/data?order=&orderField=&page=0&count=10&filterType=] from: ::ffff:192.168.0.5 costs: 4ms data:{
    "param": {
        "order": "",
        "orderField": "",
        "page": "0",
        "count": "10",
        "filterType": ""
    },
    "body": {}
}
2022-09-19 11:09:59,604 DEBUG 2010  --- [kingdeMacBook-Pro.local] - [GET] -> [/v1/sms/data?order=&orderField=&page=0&count=10&filterType=] from: ::ffff:192.168.0.5 costs: 5ms data:{
    "param": {
        "order": "",
        "orderField": "",
        "page": "0",
        "count": "10",
        "filterType": ""
    },
    "body": {}
}
2022-09-19 11:10:02,628 DEBUG 2010  --- [kingdeMacBook-Pro.local] - [GET] -> [/v1/sms/data?order=&orderField=&page=0&count=10&filterType=] from: ::ffff:192.168.0.5 costs: 5ms data:{
    "param": {
        "order": "",
        "orderField": "",
        "page": "0",
        "count": "10",
        "filterType": ""
    },
    "body": {}
}
2022-09-19 11:10:05,609 DEBUG 2010  --- [kingdeMacBook-Pro.local] - [GET] -> [/v1/sms/data?order=&orderField=&page=0&count=10&filterType=] from: ::ffff:192.168.0.5 costs: 5ms data:{
    "param": {
        "order": "",
        "orderField": "",
        "page": "0",
        "count": "10",
        "filterType": ""
    },
    "body": {}
}
2022-09-19 11:10:08,626 DEBUG 2010  --- [kingdeMacBook-Pro.local] - [GET] -> [/v1/sms/data?order=&orderField=&page=0&count=10&filterType=] from: ::ffff:192.168.0.5 costs: 4ms data:{
    "param": {
        "order": "",
        "orderField": "",
        "page": "0",
        "count": "10",
        "filterType": ""
    },
    "body": {}
}
2022-09-19 11:10:11,606 DEBUG 2010  --- [kingdeMacBook-Pro.local] - [GET] -> [/v1/sms/data?order=&orderField=&page=0&count=10&filterType=] from: ::ffff:192.168.0.5 costs: 4ms data:{
    "param": {
        "order": "",
        "orderField": "",
        "page": "0",
        "count": "10",
        "filterType": ""
    },
    "body": {}
}
2022-09-19 11:10:14,628 DEBUG 2010  --- [kingdeMacBook-Pro.local] - [GET] -> [/v1/sms/data?order=&orderField=&page=0&count=10&filterType=] from: ::ffff:192.168.0.5 costs: 3ms data:{
    "param": {
        "order": "",
        "orderField": "",
        "page": "0",
        "count": "10",
        "filterType": ""
    },
    "body": {}
}
2022-09-19 11:10:17,607 DEBUG 2010  --- [kingdeMacBook-Pro.local] - [GET] -> [/v1/sms/data?order=&orderField=&page=0&count=10&filterType=] from: ::ffff:192.168.0.5 costs: 4ms data:{
    "param": {
        "order": "",
        "orderField": "",
        "page": "0",
        "count": "10",
        "filterType": ""
    },
    "body": {}
}
2022-09-19 11:10:20,615 DEBUG 2010  --- [kingdeMacBook-Pro.local] - [GET] -> [/v1/sms/data?order=&orderField=&page=0&count=10&filterType=] from: ::ffff:192.168.0.5 costs: 3ms data:{
    "param": {
        "order": "",
        "orderField": "",
        "page": "0",
        "count": "10",
        "filterType": ""
    },
    "body": {}
}
2022-09-19 11:10:23,604 DEBUG 2010  --- [kingdeMacBook-Pro.local] - [GET] -> [/v1/sms/data?order=&orderField=&page=0&count=10&filterType=] from: ::ffff:192.168.0.5 costs: 3ms data:{
    "param": {
        "order": "",
        "orderField": "",
        "page": "0",
        "count": "10",
        "filterType": ""
    },
    "body": {}
}
2022-09-19 11:10:26,621 DEBUG 2010  --- [kingdeMacBook-Pro.local] - [GET] -> [/v1/sms/data?order=&orderField=&page=0&count=10&filterType=] from: ::ffff:192.168.0.5 costs: 3ms data:{
    "param": {
        "order": "",
        "orderField": "",
        "page": "0",
        "count": "10",
        "filterType": ""
    },
    "body": {}
}
2022-09-19 11:10:29,607 DEBUG 2010  --- [kingdeMacBook-Pro.local] - [GET] -> [/v1/sms/data?order=&orderField=&page=0&count=10&filterType=] from: ::ffff:192.168.0.5 costs: 4ms data:{
    "param": {
        "order": "",
        "orderField": "",
        "page": "0",
        "count": "10",
        "filterType": ""
    },
    "body": {}
}
2022-09-19 11:10:32,618 DEBUG 2010  --- [kingdeMacBook-Pro.local] - [GET] -> [/v1/sms/data?order=&orderField=&page=0&count=10&filterType=] from: ::ffff:192.168.0.5 costs: 3ms data:{
    "param": {
        "order": "",
        "orderField": "",
        "page": "0",
        "count": "10",
        "filterType": ""
    },
    "body": {}
}
2022-09-19 11:10:35,607 DEBUG 2010  --- [kingdeMacBook-Pro.local] - [GET] -> [/v1/sms/data?order=&orderField=&page=0&count=10&filterType=] from: ::ffff:192.168.0.5 costs: 3ms data:{
    "param": {
        "order": "",
        "orderField": "",
        "page": "0",
        "count": "10",
        "filterType": ""
    },
    "body": {}
}
2022-09-19 11:10:38,616 DEBUG 2010  --- [kingdeMacBook-Pro.local] - [GET] -> [/v1/sms/data?order=&orderField=&page=0&count=10&filterType=] from: ::ffff:192.168.0.5 costs: 3ms data:{
    "param": {
        "order": "",
        "orderField": "",
        "page": "0",
        "count": "10",
        "filterType": ""
    },
    "body": {}
}
2022-09-19 11:10:41,610 DEBUG 2010  --- [kingdeMacBook-Pro.local] - [GET] -> [/v1/sms/data?order=&orderField=&page=0&count=10&filterType=] from: ::ffff:192.168.0.5 costs: 4ms data:{
    "param": {
        "order": "",
        "orderField": "",
        "page": "0",
        "count": "10",
        "filterType": ""
    },
    "body": {}
}
2022-09-19 11:10:44,622 DEBUG 2010  --- [kingdeMacBook-Pro.local] - [GET] -> [/v1/sms/data?order=&orderField=&page=0&count=10&filterType=] from: ::ffff:192.168.0.5 costs: 4ms data:{
    "param": {
        "order": "",
        "orderField": "",
        "page": "0",
        "count": "10",
        "filterType": ""
    },
    "body": {}
}
2022-09-19 11:10:47,608 DEBUG 2010  --- [kingdeMacBook-Pro.local] - [GET] -> [/v1/sms/data?order=&orderField=&page=0&count=10&filterType=] from: ::ffff:192.168.0.5 costs: 3ms data:{
    "param": {
        "order": "",
        "orderField": "",
        "page": "0",
        "count": "10",
        "filterType": ""
    },
    "body": {}
}
2022-09-19 11:10:50,626 DEBUG 2010  --- [kingdeMacBook-Pro.local] - [GET] -> [/v1/sms/data?order=&orderField=&page=0&count=10&filterType=] from: ::ffff:192.168.0.5 costs: 5ms data:{
    "param": {
        "order": "",
        "orderField": "",
        "page": "0",
        "count": "10",
        "filterType": ""
    },
    "body": {}
}
2022-09-19 11:10:53,604 DEBUG 2010  --- [kingdeMacBook-Pro.local] - [GET] -> [/v1/sms/data?order=&orderField=&page=0&count=10&filterType=] from: ::ffff:192.168.0.5 costs: 4ms data:{
    "param": {
        "order": "",
        "orderField": "",
        "page": "0",
        "count": "10",
        "filterType": ""
    },
    "body": {}
}
2022-09-19 11:10:56,629 DEBUG 2010  --- [kingdeMacBook-Pro.local] - [GET] -> [/v1/sms/data?order=&orderField=&page=0&count=10&filterType=] from: ::ffff:192.168.0.5 costs: 4ms data:{
    "param": {
        "order": "",
        "orderField": "",
        "page": "0",
        "count": "10",
        "filterType": ""
    },
    "body": {}
}
2022-09-19 11:10:59,610 DEBUG 2010  --- [kingdeMacBook-Pro.local] - [GET] -> [/v1/sms/data?order=&orderField=&page=0&count=10&filterType=] from: ::ffff:192.168.0.5 costs: 4ms data:{
    "param": {
        "order": "",
        "orderField": "",
        "page": "0",
        "count": "10",
        "filterType": ""
    },
    "body": {}
}
2022-09-19 11:11:02,629 DEBUG 2010  --- [kingdeMacBook-Pro.local] - [GET] -> [/v1/sms/data?order=&orderField=&page=0&count=10&filterType=] from: ::ffff:192.168.0.5 costs: 4ms data:{
    "param": {
        "order": "",
        "orderField": "",
        "page": "0",
        "count": "10",
        "filterType": ""
    },
    "body": {}
}
2022-09-19 11:11:05,611 DEBUG 2010  --- [kingdeMacBook-Pro.local] - [GET] -> [/v1/sms/data?order=&orderField=&page=0&count=10&filterType=] from: ::ffff:192.168.0.5 costs: 6ms data:{
    "param": {
        "order": "",
        "orderField": "",
        "page": "0",
        "count": "10",
        "filterType": ""
    },
    "body": {}
}
2022-09-19 11:11:08,624 DEBUG 2010  --- [kingdeMacBook-Pro.local] - [GET] -> [/v1/sms/data?order=&orderField=&page=0&count=10&filterType=] from: ::ffff:192.168.0.5 costs: 5ms data:{
    "param": {
        "order": "",
        "orderField": "",
        "page": "0",
        "count": "10",
        "filterType": ""
    },
    "body": {}
}
2022-09-19 11:11:11,608 DEBUG 2010  --- [kingdeMacBook-Pro.local] - [GET] -> [/v1/sms/data?order=&orderField=&page=0&count=10&filterType=] from: ::ffff:192.168.0.5 costs: 4ms data:{
    "param": {
        "order": "",
        "orderField": "",
        "page": "0",
        "count": "10",
        "filterType": ""
    },
    "body": {}
}
2022-09-19 11:11:14,629 DEBUG 2010  --- [kingdeMacBook-Pro.local] - [GET] -> [/v1/sms/data?order=&orderField=&page=0&count=10&filterType=] from: ::ffff:192.168.0.5 costs: 4ms data:{
    "param": {
        "order": "",
        "orderField": "",
        "page": "0",
        "count": "10",
        "filterType": ""
    },
    "body": {}
}
2022-09-19 11:11:17,619 DEBUG 2010  --- [kingdeMacBook-Pro.local] - [GET] -> [/v1/sms/data?order=&orderField=&page=0&count=10&filterType=] from: ::ffff:192.168.0.5 costs: 4ms data:{
    "param": {
        "order": "",
        "orderField": "",
        "page": "0",
        "count": "10",
        "filterType": ""
    },
    "body": {}
}
2022-09-19 11:11:20,628 DEBUG 2010  --- [kingdeMacBook-Pro.local] - [GET] -> [/v1/sms/data?order=&orderField=&page=0&count=10&filterType=] from: ::ffff:192.168.0.5 costs: 5ms data:{
    "param": {
        "order": "",
        "orderField": "",
        "page": "0",
        "count": "10",
        "filterType": ""
    },
    "body": {}
}
2022-09-19 11:11:23,606 DEBUG 2010  --- [kingdeMacBook-Pro.local] - [GET] -> [/v1/sms/data?order=&orderField=&page=0&count=10&filterType=] from: ::ffff:192.168.0.5 costs: 4ms data:{
    "param": {
        "order": "",
        "orderField": "",
        "page": "0",
        "count": "10",
        "filterType": ""
    },
    "body": {}
}
2022-09-19 11:11:23,691 DEBUG 2010  --- [kingdeMacBook-Pro.local] - [GET] -> [/v1/sms/data?order=&orderField=&page=0&count=10] from: ::ffff:192.168.0.5 costs: 14ms data:{
    "param": {
        "order": "",
        "orderField": "",
        "page": "0",
        "count": "10"
    },
    "body": {}
}
2022-09-19 11:11:26,624 DEBUG 2010  --- [kingdeMacBook-Pro.local] - [GET] -> [/v1/sms/data?order=&orderField=&page=0&count=10&filterType=] from: ::ffff:192.168.0.5 costs: 4ms data:{
    "param": {
        "order": "",
        "orderField": "",
        "page": "0",
        "count": "10",
        "filterType": ""
    },
    "body": {}
}
2022-09-19 11:11:29,606 DEBUG 2010  --- [kingdeMacBook-Pro.local] - [GET] -> [/v1/sms/data?order=&orderField=&page=0&count=10&filterType=] from: ::ffff:192.168.0.5 costs: 4ms data:{
    "param": {
        "order": "",
        "orderField": "",
        "page": "0",
        "count": "10",
        "filterType": ""
    },
    "body": {}
}
2022-09-19 11:11:32,624 DEBUG 2010  --- [kingdeMacBook-Pro.local] - [GET] -> [/v1/sms/data?order=&orderField=&page=0&count=10&filterType=] from: ::ffff:192.168.0.5 costs: 4ms data:{
    "param": {
        "order": "",
        "orderField": "",
        "page": "0",
        "count": "10",
        "filterType": ""
    },
    "body": {}
}
2022-09-19 11:11:35,605 DEBUG 2010  --- [kingdeMacBook-Pro.local] - [GET] -> [/v1/sms/data?order=&orderField=&page=0&count=10&filterType=] from: ::ffff:192.168.0.5 costs: 4ms data:{
    "param": {
        "order": "",
        "orderField": "",
        "page": "0",
        "count": "10",
        "filterType": ""
    },
    "body": {}
}
2022-09-19 11:11:38,604 DEBUG 2010  --- [kingdeMacBook-Pro.local] - [GET] -> [/v1/sms/data?order=&orderField=&page=0&count=10&filterType=] from: ::ffff:192.168.0.5 costs: 3ms data:{
    "param": {
        "order": "",
        "orderField": "",
        "page": "0",
        "count": "10",
        "filterType": ""
    },
    "body": {}
}
2022-09-19 11:11:41,608 DEBUG 2010  --- [kingdeMacBook-Pro.local] - [GET] -> [/v1/sms/data?order=&orderField=&page=0&count=10&filterType=] from: ::ffff:192.168.0.5 costs: 5ms data:{
    "param": {
        "order": "",
        "orderField": "",
        "page": "0",
        "count": "10",
        "filterType": ""
    },
    "body": {}
}
2022-09-19 11:11:44,593 DEBUG 2010  --- [kingdeMacBook-Pro.local] - [GET] -> [/v1/sms/data?order=&orderField=&page=0&count=10] from: ::ffff:192.168.0.5 costs: 4ms data:{
    "param": {
        "order": "",
        "orderField": "",
        "page": "0",
        "count": "10"
    },
    "body": {}
}
2022-09-19 11:12:49,770 DEBUG 2010  --- [kingdeMacBook-Pro.local] - [GET] -> [/v1/sms/data?order=&orderField=&page=0&count=10] from: ::ffff:192.168.0.5 costs: 7ms data:{
    "param": {
        "order": "",
        "orderField": "",
        "page": "0",
        "count": "10"
    },
    "body": {}
}
2022-09-19 11:13:59,531 DEBUG 2010  --- [kingdeMacBook-Pro.local] - [GET] -> [/v1/sms/data?order=&orderField=&page=0&count=10] from: ::ffff:192.168.0.5 costs: 9ms data:{
    "param": {
        "order": "",
        "orderField": "",
        "page": "0",
        "count": "10"
    },
    "body": {}
}
2022-09-19 11:14:15,057 DEBUG 2010  --- [kingdeMacBook-Pro.local] - [GET] -> [/v1/sms/data?order=&orderField=&page=0&count=10] from: ::ffff:192.168.0.5 costs: 9ms data:{
    "param": {
        "order": "",
        "orderField": "",
        "page": "0",
        "count": "10"
    },
    "body": {}
}
2022-09-19 11:16:19,427 DEBUG 2010  --- [kingdeMacBook-Pro.local] - [GET] -> [/v1/sms/data?order=&orderField=&page=0&count=10] from: ::ffff:192.168.0.5 costs: 24ms data:{
    "param": {
        "order": "",
        "orderField": "",
        "page": "0",
        "count": "10"
    },
    "body": {}
}
2022-09-19 11:21:15,099 DEBUG 2010  --- [kingdeMacBook-Pro.local] - [GET] -> [/v1/sms/data?order=&orderField=&page=0&count=10] from: ::ffff:192.168.0.5 costs: 7ms data:{
    "param": {
        "order": "",
        "orderField": "",
        "page": "0",
        "count": "10"
    },
    "body": {}
}
2022-09-19 12:21:17,346 DEBUG 2010  --- [kingdeMacBook-Pro.local] - [POST] -> [/cms/user/captcha] from: ::ffff:192.168.0.5 costs: 1ms data:{
    "param": {},
    "body": {}
}
