2022-09-18 18:54:08,425 DEBUG 5193  --- [bogon] - [POST] -> [/cms/user/captcha] from: ::ffff:192.168.0.100 costs: 3ms data:{
    "param": {},
    "body": {}
}
2022-09-18 18:54:10,516 DEBUG 5193  --- [bogon] - [POST] -> [/cms/user/login] from: ::ffff:192.168.0.100 costs: 13ms data:{
    "param": {},
    "body": {
        "captcha": "",
        "username": "root",
        "password": "123456"
    }
}
2022-09-18 18:54:10,537 DEBUG 5193  --- [bogon] - [GET] -> [/cms/user/permissions] from: ::ffff:192.168.0.100 costs: 16ms data:{
    "param": {},
    "body": {}
}
2022-09-18 18:54:13,257 DEBUG 5193  --- [bogon] - [GET] -> [/v1/sms/data?order=&orderField=&page=0&count=10] from: ::ffff:192.168.0.100 costs: 11ms data:{
    "param": {
        "order": "",
        "orderField": "",
        "page": "0",
        "count": "10"
    },
    "body": {}
}
2022-09-18 18:54:38,521 DEBUG 5193  --- [bogon] - [GET] -> [/v1/sms/data?order=&orderField=&page=0&count=10] from: ::ffff:192.168.0.100 costs: 11ms data:{
    "param": {
        "order": "",
        "orderField": "",
        "page": "0",
        "count": "10"
    },
    "body": {}
}
2022-09-18 18:56:42,007 DEBUG 5193  --- [bogon] - [POST] -> [/cms/user/captcha] from: ::ffff:192.168.0.100 costs: 0ms data:{
    "param": {},
    "body": {}
}
2022-09-18 19:03:42,937 DEBUG 5193  --- [bogon] - [POST] -> [/v1/sms/data] from: ::ffff:192.168.0.100 costs: 28ms data:{
    "param": {},
    "body": {
        "title": "毛毛雨",
        "message": "Android is always a sweet treat!",
        "extra": "{\"simInfo\":{\"isDataRoaming0\":false,\"displayName0\":\"T-Mobile\",\"subscriptionId0\":1,\"simSerialNumber0\":\"89014103211118510720\",\"countryCode0\":\"us\",\"phoneNumber0\":\"+15555215554\",\"phoneNum\":\"+15555215554\",\"mcc0\":310,\"carrierName0\":\"Android\",\"simSlotIndex0\":0,\"mnc0\":260,\"isNetworkRoaming0\":false,\"deviceId0\":\"358240051111110\"},\"message\":{\"subId\":1,\"time\":1663499022000,\"body\":\"Android is always a sweet treat!\",\"originatingAddress\":\"6505551212\"}}",
        "phone": "6505551212"
    }
}
2022-09-18 19:03:47,733 DEBUG 5193  --- [bogon] - [GET] -> [/v1/sms/data?order=&orderField=&page=0&count=10] from: ::ffff:192.168.0.100 costs: 8ms data:{
    "param": {
        "order": "",
        "orderField": "",
        "page": "0",
        "count": "10"
    },
    "body": {}
}
2022-09-18 19:06:47,320 DEBUG 5193  --- [bogon] - [POST] -> [/v1/sms/data] from: ::ffff:192.168.0.100 costs: 8ms data:{
    "param": {},
    "body": {
        "title": "毛毛雨",
        "message": "104938 is the OTP to add LATEST TECHNOLOGIES as payee. Do not share with anyone - Axis Bank",
        "extra": "{\"simInfo\":{\"isDataRoaming0\":false,\"displayName0\":\"T-Mobile\",\"subscriptionId0\":1,\"simSerialNumber0\":\"89014103211118510720\",\"countryCode0\":\"us\",\"phoneNumber0\":\"+15555215554\",\"phoneNum\":\"+15555215554\",\"mcc0\":310,\"carrierName0\":\"Android\",\"simSlotIndex0\":0,\"mnc0\":260,\"isNetworkRoaming0\":false,\"deviceId0\":\"358240051111110\"},\"message\":{\"subId\":1,\"time\":1663499206000,\"body\":\"104938 is the OTP to add LATEST TECHNOLOGIES as payee. Do not share with anyone - Axis Bank\",\"originatingAddress\":\"6505551212\"}}",
        "phone": "6505551212"
    }
}
2022-09-18 19:11:35,693 DEBUG 5193  --- [bogon] - [POST] -> [/v1/sms/data] from: ::ffff:192.168.0.100 costs: 6ms data:{
    "param": {},
    "body": {
        "title": "毛毛雨",
        "message": "INR 8000.00 credited to A/c no. XX9184 on 02-08-22 at 08:11:52 IST. Info- UPI/P2A/221406144630/Mr MUKESH/Indian Ba. Avl Bal- INR 95572.15 - Axis Bank\n",
        "extra": "{\"simInfo\":{\"isDataRoaming0\":false,\"displayName0\":\"T-Mobile\",\"subscriptionId0\":1,\"simSerialNumber0\":\"89014103211118510720\",\"countryCode0\":\"us\",\"phoneNumber0\":\"+15555215554\",\"phoneNum\":\"+15555215554\",\"mcc0\":310,\"carrierName0\":\"Android\",\"simSlotIndex0\":0,\"mnc0\":260,\"isNetworkRoaming0\":false,\"deviceId0\":\"358240051111110\"},\"message\":{\"subId\":1,\"time\":1663499495000,\"body\":\"INR 8000.00 credited to A/c no. XX9184 on 02-08-22 at 08:11:52 IST. Info- UPI/P2A/221406144630/Mr MUKESH/Indian Ba. Avl Bal- INR 95572.15 - Axis Bank\\n\",\"originatingAddress\":\"6505551212\"}}",
        "phone": "6505551212"
    }
}
2022-09-18 19:12:48,320 DEBUG 5193  --- [bogon] - [POST] -> [/v1/sms/data] from: ::ffff:192.168.0.100 costs: 5ms data:{
    "param": {},
    "body": {
        "title": "毛毛雨",
        "message": "Debit INR 130011.80 A/c no. XX9184 02-08-22 08:24:18 IMPS/P2A/221408446660/499/ICICIBA/X00357 Bal INR 34065.95 SMS BLOCKALL Cust ID to 8691000002, if not you-Axis Bank\n",
        "extra": "{\"simInfo\":{\"isDataRoaming0\":false,\"displayName0\":\"T-Mobile\",\"subscriptionId0\":1,\"simSerialNumber0\":\"89014103211118510720\",\"countryCode0\":\"us\",\"phoneNumber0\":\"+15555215554\",\"phoneNum\":\"+15555215554\",\"mcc0\":310,\"carrierName0\":\"Android\",\"simSlotIndex0\":0,\"mnc0\":260,\"isNetworkRoaming0\":false,\"deviceId0\":\"358240051111110\"},\"message\":{\"subId\":1,\"time\":1663499567000,\"body\":\"Debit INR 130011.80 A/c no. XX9184 02-08-22 08:24:18 IMPS/P2A/221408446660/499/ICICIBA/X00357 Bal INR 34065.95 SMS BLOCKALL Cust ID to 8691000002, if not you-Axis Bank\\n\",\"originatingAddress\":\"6505551212\"}}",
        "phone": "6505551212"
    }
}
2022-09-18 19:13:00,477 DEBUG 5193  --- [bogon] - [GET] -> [/v1/sms/data?order=&orderField=&page=0&count=10] from: ::ffff:192.168.0.100 costs: 9ms data:{
    "param": {
        "order": "",
        "orderField": "",
        "page": "0",
        "count": "10"
    },
    "body": {}
}
2022-09-18 19:17:25,867 DEBUG 5193  --- [bogon] - [GET] -> [/v1/sms/data?order=&orderField=&page=0&count=10] from: ::ffff:192.168.0.100 costs: 13ms data:{
    "param": {
        "order": "",
        "orderField": "",
        "page": "0",
        "count": "10"
    },
    "body": {}
}
2022-09-18 19:19:15,619 DEBUG 5193  --- [bogon] - [GET] -> [/v1/sms/data?order=&orderField=&page=0&count=10] from: ::ffff:192.168.0.100 costs: 11ms data:{
    "param": {
        "order": "",
        "orderField": "",
        "page": "0",
        "count": "10"
    },
    "body": {}
}
2022-09-18 19:21:38,892 DEBUG 5193  --- [bogon] - [GET] -> [/v1/sms/data?order=&orderField=&page=0&count=10] from: ::ffff:192.168.0.100 costs: 9ms data:{
    "param": {
        "order": "",
        "orderField": "",
        "page": "0",
        "count": "10"
    },
    "body": {}
}
2022-09-18 19:30:27,520 DEBUG 5193  --- [bogon] - [GET] -> [/v1/sms/data?order=&orderField=&page=0&count=10] from: ::ffff:192.168.0.100 costs: 9ms data:{
    "param": {
        "order": "",
        "orderField": "",
        "page": "0",
        "count": "10"
    },
    "body": {}
}
2022-09-18 19:35:18,533 DEBUG 5193  --- [bogon] - [GET] -> [/v1/sms/data?order=&orderField=&page=0&count=10] from: ::ffff:192.168.0.100 costs: 8ms data:{
    "param": {
        "order": "",
        "orderField": "",
        "page": "0",
        "count": "10"
    },
    "body": {}
}
2022-09-18 19:38:35,235 DEBUG 5193  --- [bogon] - [GET] -> [/v1/sms/data?order=&orderField=&page=0&count=10] from: ::ffff:192.168.0.100 costs: 8ms data:{
    "param": {
        "order": "",
        "orderField": "",
        "page": "0",
        "count": "10"
    },
    "body": {}
}
2022-09-18 22:11:04,985 DEBUG 5193  --- [bogon] - [POST] -> [/cms/user/captcha] from: ::ffff:192.168.0.100 costs: 13ms data:{
    "param": {},
    "body": {}
}
